[11-Apr-2018 13:34:13 UTC] PHP Warning:  include(partials/_header.html): failed to open stream: No such file or directory in /home/ubuntu/workspace/DAW_A01207765/Lab25/cliente/index.php on line 2
[11-Apr-2018 13:34:13 UTC] PHP Stack trace:
[11-Apr-2018 13:34:13 UTC] PHP   1. {main}() /home/ubuntu/workspace/DAW_A01207765/Lab25/cliente/index.php:0
[11-Apr-2018 13:34:13 UTC] PHP Warning:  include(): Failed opening 'partials/_header.html' for inclusion (include_path='.:/usr/share/php:/usr/share/pear') in /home/ubuntu/workspace/DAW_A01207765/Lab25/cliente/index.php on line 2
[11-Apr-2018 13:34:13 UTC] PHP Stack trace:
[11-Apr-2018 13:34:13 UTC] PHP   1. {main}() /home/ubuntu/workspace/DAW_A01207765/Lab25/cliente/index.php:0
[11-Apr-2018 13:34:13 UTC] PHP Warning:  include(partials/_index.html): failed to open stream: No such file or directory in /home/ubuntu/workspace/DAW_A01207765/Lab25/cliente/index.php on line 3
[11-Apr-2018 13:34:13 UTC] PHP Stack trace:
[11-Apr-2018 13:34:13 UTC] PHP   1. {main}() /home/ubuntu/workspace/DAW_A01207765/Lab25/cliente/index.php:0
[11-Apr-2018 13:34:13 UTC] PHP Warning:  include(): Failed opening 'partials/_index.html' for inclusion (include_path='.:/usr/share/php:/usr/share/pear') in /home/ubuntu/workspace/DAW_A01207765/Lab25/cliente/index.php on line 3
[11-Apr-2018 13:34:13 UTC] PHP Stack trace:
[11-Apr-2018 13:34:13 UTC] PHP   1. {main}() /home/ubuntu/workspace/DAW_A01207765/Lab25/cliente/index.php:0
[11-Apr-2018 13:34:13 UTC] PHP Warning:  include(partials/_footer.html): failed to open stream: No such file or directory in /home/ubuntu/workspace/DAW_A01207765/Lab25/cliente/index.php on line 4
[11-Apr-2018 13:34:13 UTC] PHP Stack trace:
[11-Apr-2018 13:34:13 UTC] PHP   1. {main}() /home/ubuntu/workspace/DAW_A01207765/Lab25/cliente/index.php:0
[11-Apr-2018 13:34:13 UTC] PHP Warning:  include(): Failed opening 'partials/_footer.html' for inclusion (include_path='.:/usr/share/php:/usr/share/pear') in /home/ubuntu/workspace/DAW_A01207765/Lab25/cliente/index.php on line 4
[11-Apr-2018 13:34:13 UTC] PHP Stack trace:
[11-Apr-2018 13:34:13 UTC] PHP   1. {main}() /home/ubuntu/workspace/DAW_A01207765/Lab25/cliente/index.php:0
[11-Apr-2018 13:34:42 UTC] PHP Warning:  include(partial/_index.html): failed to open stream: No such file or directory in /home/ubuntu/workspace/DAW_A01207765/Lab25/cliente/index.php on line 3
[11-Apr-2018 13:34:42 UTC] PHP Stack trace:
[11-Apr-2018 13:34:42 UTC] PHP   1. {main}() /home/ubuntu/workspace/DAW_A01207765/Lab25/cliente/index.php:0
[11-Apr-2018 13:34:42 UTC] PHP Warning:  include(): Failed opening 'partial/_index.html' for inclusion (include_path='.:/usr/share/php:/usr/share/pear') in /home/ubuntu/workspace/DAW_A01207765/Lab25/cliente/index.php on line 3
[11-Apr-2018 13:34:42 UTC] PHP Stack trace:
[11-Apr-2018 13:34:42 UTC] PHP   1. {main}() /home/ubuntu/workspace/DAW_A01207765/Lab25/cliente/index.php:0
[11-Apr-2018 13:35:49 UTC] PHP Warning:  file_get_contents(https://daw-alex0314.c9users.io/Lab25/my-servicio-web/public/): failed to open stream: HTTP request failed! HTTP/1.1 404 Not Found
 in /home/ubuntu/workspace/DAW_A01207765/Lab25/cliente/partial/_body.html on line 7
[11-Apr-2018 13:35:49 UTC] PHP Stack trace:
[11-Apr-2018 13:35:49 UTC] PHP   1. {main}() /home/ubuntu/workspace/DAW_A01207765/Lab25/cliente/index.php:0
[11-Apr-2018 13:35:49 UTC] PHP   2. include() /home/ubuntu/workspace/DAW_A01207765/Lab25/cliente/index.php:3
[11-Apr-2018 13:35:49 UTC] PHP   3. file_get_contents() /home/ubuntu/workspace/DAW_A01207765/Lab25/cliente/partial/_body.html:7
[11-Apr-2018 13:35:49 UTC] PHP Warning:  file_get_contents(https://daw-alex0314.c9users.io/Lab25/my-servicio-web/public/3): failed to open stream: HTTP request failed! HTTP/1.1 404 Not Found
 in /home/ubuntu/workspace/DAW_A01207765/Lab25/cliente/partial/_body.html on line 17
[11-Apr-2018 13:35:49 UTC] PHP Stack trace:
[11-Apr-2018 13:35:49 UTC] PHP   1. {main}() /home/ubuntu/workspace/DAW_A01207765/Lab25/cliente/index.php:0
[11-Apr-2018 13:35:49 UTC] PHP   2. include() /home/ubuntu/workspace/DAW_A01207765/Lab25/cliente/index.php:3
[11-Apr-2018 13:35:49 UTC] PHP   3. file_get_contents() /home/ubuntu/workspace/DAW_A01207765/Lab25/cliente/partial/_body.html:17
[11-Apr-2018 13:45:11 UTC] PHP Warning:  file_get_contents(https://daw-alex0314.c9users.io/Lab25/my-servicio-web/public/): failed to open stream: HTTP request failed! HTTP/1.1 404 Not Found
 in /home/ubuntu/workspace/DAW_A01207765/Lab25/cliente/partial/_body.html on line 7
[11-Apr-2018 13:45:11 UTC] PHP Stack trace:
[11-Apr-2018 13:45:11 UTC] PHP   1. {main}() /home/ubuntu/workspace/DAW_A01207765/Lab25/cliente/index.php:0
[11-Apr-2018 13:45:11 UTC] PHP   2. include() /home/ubuntu/workspace/DAW_A01207765/Lab25/cliente/index.php:3
[11-Apr-2018 13:45:11 UTC] PHP   3. file_get_contents() /home/ubuntu/workspace/DAW_A01207765/Lab25/cliente/partial/_body.html:7
[11-Apr-2018 13:45:12 UTC] PHP Warning:  file_get_contents(https://daw-alex0314.c9users.io/Lab25/my-servicio-web/public/3): failed to open stream: HTTP request failed! HTTP/1.1 404 Not Found
 in /home/ubuntu/workspace/DAW_A01207765/Lab25/cliente/partial/_body.html on line 17
[11-Apr-2018 13:45:12 UTC] PHP Stack trace:
[11-Apr-2018 13:45:12 UTC] PHP   1. {main}() /home/ubuntu/workspace/DAW_A01207765/Lab25/cliente/index.php:0
[11-Apr-2018 13:45:12 UTC] PHP   2. include() /home/ubuntu/workspace/DAW_A01207765/Lab25/cliente/index.php:3
[11-Apr-2018 13:45:12 UTC] PHP   3. file_get_contents() /home/ubuntu/workspace/DAW_A01207765/Lab25/cliente/partial/_body.html:17
[11-Apr-2018 13:45:30 UTC] PHP Warning:  file_get_contents(https://daw-alex0314.c9users.io/Lab25/my-servicio-web/public/): failed to open stream: HTTP request failed! HTTP/1.1 404 Not Found
 in /home/ubuntu/workspace/DAW_A01207765/Lab25/cliente/partial/_body.html on line 7
[11-Apr-2018 13:45:30 UTC] PHP Stack trace:
[11-Apr-2018 13:45:30 UTC] PHP   1. {main}() /home/ubuntu/workspace/DAW_A01207765/Lab25/cliente/index.php:0
[11-Apr-2018 13:45:30 UTC] PHP   2. include() /home/ubuntu/workspace/DAW_A01207765/Lab25/cliente/index.php:3
[11-Apr-2018 13:45:30 UTC] PHP   3. file_get_contents() /home/ubuntu/workspace/DAW_A01207765/Lab25/cliente/partial/_body.html:7
[11-Apr-2018 13:45:30 UTC] PHP Warning:  file_get_contents(https://daw-alex0314.c9users.io/Lab25/my-servicio-web/public/3): failed to open stream: HTTP request failed! HTTP/1.1 404 Not Found
 in /home/ubuntu/workspace/DAW_A01207765/Lab25/cliente/partial/_body.html on line 17
[11-Apr-2018 13:45:30 UTC] PHP Stack trace:
[11-Apr-2018 13:45:30 UTC] PHP   1. {main}() /home/ubuntu/workspace/DAW_A01207765/Lab25/cliente/index.php:0
[11-Apr-2018 13:45:30 UTC] PHP   2. include() /home/ubuntu/workspace/DAW_A01207765/Lab25/cliente/index.php:3
[11-Apr-2018 13:45:30 UTC] PHP   3. file_get_contents() /home/ubuntu/workspace/DAW_A01207765/Lab25/cliente/partial/_body.html:17
[11-Apr-2018 13:46:29 UTC] PHP Warning:  file_get_contents(https://daw-alex0314.c9users.io/Lab25/my-servicio-web/public/3): failed to open stream: HTTP request failed! HTTP/1.1 404 Not Found
 in /home/ubuntu/workspace/DAW_A01207765/Lab25/cliente/partial/_body.html on line 17
[11-Apr-2018 13:46:29 UTC] PHP Stack trace:
[11-Apr-2018 13:46:29 UTC] PHP   1. {main}() /home/ubuntu/workspace/DAW_A01207765/Lab25/cliente/index.php:0
[11-Apr-2018 13:46:29 UTC] PHP   2. include() /home/ubuntu/workspace/DAW_A01207765/Lab25/cliente/index.php:3
[11-Apr-2018 13:46:29 UTC] PHP   3. file_get_contents() /home/ubuntu/workspace/DAW_A01207765/Lab25/cliente/partial/_body.html:17
[11-Apr-2018 13:47:38 UTC] PHP Warning:  file_get_contents(https://daw-alex0314.c9users.io/Lab25/my-servicio-web/public/3): failed to open stream: HTTP request failed! HTTP/1.1 404 Not Found
 in /home/ubuntu/workspace/DAW_A01207765/Lab25/cliente/partial/_body.html on line 17
[11-Apr-2018 13:47:38 UTC] PHP Stack trace:
[11-Apr-2018 13:47:38 UTC] PHP   1. {main}() /home/ubuntu/workspace/DAW_A01207765/Lab25/cliente/index.php:0
[11-Apr-2018 13:47:38 UTC] PHP   2. include() /home/ubuntu/workspace/DAW_A01207765/Lab25/cliente/index.php:3
[11-Apr-2018 13:47:38 UTC] PHP   3. file_get_contents() /home/ubuntu/workspace/DAW_A01207765/Lab25/cliente/partial/_body.html:17
[11-Apr-2018 13:52:04 UTC] PHP Warning:  file_get_contents(https://daw-alex0314.c9users.io/Lab25/my-servicio-web/public/3): failed to open stream: HTTP request failed! HTTP/1.1 404 Not Found
 in /home/ubuntu/workspace/DAW_A01207765/Lab25/cliente/partial/_body.html on line 17
[11-Apr-2018 13:52:04 UTC] PHP Stack trace:
[11-Apr-2018 13:52:04 UTC] PHP   1. {main}() /home/ubuntu/workspace/DAW_A01207765/Lab25/cliente/index.php:0
[11-Apr-2018 13:52:04 UTC] PHP   2. include() /home/ubuntu/workspace/DAW_A01207765/Lab25/cliente/index.php:3
[11-Apr-2018 13:52:04 UTC] PHP   3. file_get_contents() /home/ubuntu/workspace/DAW_A01207765/Lab25/cliente/partial/_body.html:17
[11-Apr-2018 13:55:26 UTC] PHP Warning:  file_get_contents(https://daw-alex0314.c9users.io/Lab25/my-servicio-web/public/3): failed to open stream: HTTP request failed! HTTP/1.1 404 Not Found
 in /home/ubuntu/workspace/DAW_A01207765/Lab25/cliente/partial/_body.html on line 17
[11-Apr-2018 13:55:26 UTC] PHP Stack trace:
[11-Apr-2018 13:55:26 UTC] PHP   1. {main}() /home/ubuntu/workspace/DAW_A01207765/Lab25/cliente/index.php:0
[11-Apr-2018 13:55:26 UTC] PHP   2. include() /home/ubuntu/workspace/DAW_A01207765/Lab25/cliente/index.php:3
[11-Apr-2018 13:55:26 UTC] PHP   3. file_get_contents() /home/ubuntu/workspace/DAW_A01207765/Lab25/cliente/partial/_body.html:17
[11-Apr-2018 13:56:51 UTC] PHP Warning:  file_get_contents(https://daw-alex0314.c9users.io/Lab25/my-servicio-web/public/3): failed to open stream: HTTP request failed! HTTP/1.1 404 Not Found
 in /home/ubuntu/workspace/DAW_A01207765/Lab25/cliente/partial/_body.html on line 17
[11-Apr-2018 13:56:51 UTC] PHP Stack trace:
[11-Apr-2018 13:56:51 UTC] PHP   1. {main}() /home/ubuntu/workspace/DAW_A01207765/Lab25/cliente/index.php:0
[11-Apr-2018 13:56:51 UTC] PHP   2. include() /home/ubuntu/workspace/DAW_A01207765/Lab25/cliente/index.php:3
[11-Apr-2018 13:56:51 UTC] PHP   3. file_get_contents() /home/ubuntu/workspace/DAW_A01207765/Lab25/cliente/partial/_body.html:17
[11-Apr-2018 14:00:53 UTC] PHP Warning:  file_get_contents(https://daw-alex0314.c9users.io/Lab25/my-servicio-web/public/3): failed to open stream: HTTP request failed! HTTP/1.1 404 Not Found
 in /home/ubuntu/workspace/DAW_A01207765/Lab25/cliente/partial/_body.html on line 17
[11-Apr-2018 14:00:53 UTC] PHP Stack trace:
[11-Apr-2018 14:00:53 UTC] PHP   1. {main}() /home/ubuntu/workspace/DAW_A01207765/Lab25/cliente/index.php:0
[11-Apr-2018 14:00:53 UTC] PHP   2. include() /home/ubuntu/workspace/DAW_A01207765/Lab25/cliente/index.php:3
[11-Apr-2018 14:00:53 UTC] PHP   3. file_get_contents() /home/ubuntu/workspace/DAW_A01207765/Lab25/cliente/partial/_body.html:17
[11-Apr-2018 14:01:27 UTC] PHP Warning:  file_get_contents(https://daw-alex0314.c9users.io/Lab25/my-servicio-web/public/3): failed to open stream: HTTP request failed! HTTP/1.1 404 Not Found
 in /home/ubuntu/workspace/DAW_A01207765/Lab25/cliente/partial/_body.html on line 17
[11-Apr-2018 14:01:27 UTC] PHP Stack trace:
[11-Apr-2018 14:01:27 UTC] PHP   1. {main}() /home/ubuntu/workspace/DAW_A01207765/Lab25/cliente/index.php:0
[11-Apr-2018 14:01:27 UTC] PHP   2. include() /home/ubuntu/workspace/DAW_A01207765/Lab25/cliente/index.php:3
[11-Apr-2018 14:01:27 UTC] PHP   3. file_get_contents() /home/ubuntu/workspace/DAW_A01207765/Lab25/cliente/partial/_body.html:17
[11-Apr-2018 14:02:33 UTC] PHP Warning:  file_get_contents(https://daw-alex0314.c9users.io/Lab25/my-servicio-web/public/3): failed to open stream: HTTP request failed! HTTP/1.1 404 Not Found
 in /home/ubuntu/workspace/DAW_A01207765/Lab25/cliente/partial/_body.html on line 17
[11-Apr-2018 14:02:33 UTC] PHP Stack trace:
[11-Apr-2018 14:02:33 UTC] PHP   1. {main}() /home/ubuntu/workspace/DAW_A01207765/Lab25/cliente/index.php:0
[11-Apr-2018 14:02:33 UTC] PHP   2. include() /home/ubuntu/workspace/DAW_A01207765/Lab25/cliente/index.php:3
[11-Apr-2018 14:02:33 UTC] PHP   3. file_get_contents() /home/ubuntu/workspace/DAW_A01207765/Lab25/cliente/partial/_body.html:17
[11-Apr-2018 14:03:00 UTC] PHP Warning:  file_get_contents(https://daw-alex0314.c9users.io/Lab25/my-servicio-web/public/3): failed to open stream: HTTP request failed! HTTP/1.1 404 Not Found
 in /home/ubuntu/workspace/DAW_A01207765/Lab25/cliente/partial/_body.html on line 17
[11-Apr-2018 14:03:00 UTC] PHP Stack trace:
[11-Apr-2018 14:03:00 UTC] PHP   1. {main}() /home/ubuntu/workspace/DAW_A01207765/Lab25/cliente/index.php:0
[11-Apr-2018 14:03:00 UTC] PHP   2. include() /home/ubuntu/workspace/DAW_A01207765/Lab25/cliente/index.php:3
[11-Apr-2018 14:03:00 UTC] PHP   3. file_get_contents() /home/ubuntu/workspace/DAW_A01207765/Lab25/cliente/partial/_body.html:17
[11-Apr-2018 14:03:51 UTC] PHP Warning:  file_get_contents(https://daw-alex0314.c9users.io/Lab25/my-servicio-web/public/3): failed to open stream: HTTP request failed! HTTP/1.1 404 Not Found
 in /home/ubuntu/workspace/DAW_A01207765/Lab25/cliente/partial/_body.html on line 17
[11-Apr-2018 14:03:51 UTC] PHP Stack trace:
[11-Apr-2018 14:03:51 UTC] PHP   1. {main}() /home/ubuntu/workspace/DAW_A01207765/Lab25/cliente/index.php:0
[11-Apr-2018 14:03:51 UTC] PHP   2. include() /home/ubuntu/workspace/DAW_A01207765/Lab25/cliente/index.php:3
[11-Apr-2018 14:03:51 UTC] PHP   3. file_get_contents() /home/ubuntu/workspace/DAW_A01207765/Lab25/cliente/partial/_body.html:17
