[09-Feb-2018 01:23:54 UTC] PHP Fatal error:  Call to undefined function sorter() in /home/ubuntu/workspace/DAW_A01207765/Lab9/Lab9.php on line 92
[09-Feb-2018 01:23:54 UTC] PHP Stack trace:
[09-Feb-2018 01:23:54 UTC] PHP   1. {main}() /home/ubuntu/workspace/DAW_A01207765/Lab9/Lab9.php:0
[09-Feb-2018 01:24:33 UTC] PHP Fatal error:  Call to undefined function sorter() in /home/ubuntu/workspace/DAW_A01207765/Lab9/Lab9.php on line 92
[09-Feb-2018 01:24:33 UTC] PHP Stack trace:
[09-Feb-2018 01:24:33 UTC] PHP   1. {main}() /home/ubuntu/workspace/DAW_A01207765/Lab9/Lab9.php:0
[09-Feb-2018 01:55:05 UTC] PHP Fatal error:  Call to undefined function fibonnacci() in /home/ubuntu/workspace/DAW_A01207765/Lab9/Lab9.php on line 132
[09-Feb-2018 01:55:05 UTC] PHP Stack trace:
[09-Feb-2018 01:55:05 UTC] PHP   1. {main}() /home/ubuntu/workspace/DAW_A01207765/Lab9/Lab9.php:0
[20-Feb-2018 23:36:09 UTC] PHP Parse error:  syntax error, unexpected end of file in /home/ubuntu/workspace/DAW_A01207765/Lab11/form.php on line 121
[20-Feb-2018 23:36:12 UTC] PHP Parse error:  syntax error, unexpected end of file in /home/ubuntu/workspace/DAW_A01207765/Lab11/form.php on line 121
[20-Feb-2018 23:36:30 UTC] PHP Parse error:  syntax error, unexpected end of file in /home/ubuntu/workspace/DAW_A01207765/Lab11/form.php on line 121
[20-Feb-2018 23:36:32 UTC] PHP Parse error:  syntax error, unexpected end of file in /home/ubuntu/workspace/DAW_A01207765/Lab11/form.php on line 121
[20-Feb-2018 23:36:44 UTC] PHP Parse error:  syntax error, unexpected end of file in /home/ubuntu/workspace/DAW_A01207765/Lab11/form.php on line 121
[20-Feb-2018 23:40:15 UTC] PHP Parse error:  syntax error, unexpected end of file in /home/ubuntu/workspace/DAW_A01207765/Lab11/form.php on line 126
[20-Feb-2018 23:43:01 UTC] PHP Parse error:  syntax error, unexpected end of file in /home/ubuntu/workspace/DAW_A01207765/Lab11/form.php on line 132
[20-Feb-2018 23:53:15 UTC] PHP Parse error:  syntax error, unexpected end of file in /home/ubuntu/workspace/DAW_A01207765/Lab11/form.php on line 134
[20-Feb-2018 23:53:16 UTC] PHP Parse error:  syntax error, unexpected end of file in /home/ubuntu/workspace/DAW_A01207765/Lab11/form.php on line 134
[20-Feb-2018 23:53:17 UTC] PHP Parse error:  syntax error, unexpected end of file in /home/ubuntu/workspace/DAW_A01207765/Lab11/form.php on line 134
[20-Feb-2018 23:53:28 UTC] PHP Parse error:  syntax error, unexpected end of file in /home/ubuntu/workspace/DAW_A01207765/Lab11/form.php on line 134
[20-Feb-2018 23:54:03 UTC] PHP Parse error:  syntax error, unexpected end of file in /home/ubuntu/workspace/DAW_A01207765/Lab11/form.php on line 134
[20-Feb-2018 23:54:04 UTC] PHP Parse error:  syntax error, unexpected end of file in /home/ubuntu/workspace/DAW_A01207765/Lab11/form.php on line 134
[22-Feb-2018 19:31:04 UTC] PHP Warning:  include(_headerhtml): failed to open stream: No such file or directory in /home/ubuntu/workspace/DAW_A01207765/Lab11/form.php on line 1
[22-Feb-2018 19:31:04 UTC] PHP Stack trace:
[22-Feb-2018 19:31:04 UTC] PHP   1. {main}() /home/ubuntu/workspace/DAW_A01207765/Lab11/form.php:0
[22-Feb-2018 19:31:04 UTC] PHP Warning:  include(): Failed opening '_headerhtml' for inclusion (include_path='.:/usr/share/php:/usr/share/pear') in /home/ubuntu/workspace/DAW_A01207765/Lab11/form.php on line 1
[22-Feb-2018 19:31:04 UTC] PHP Stack trace:
[22-Feb-2018 19:31:04 UTC] PHP   1. {main}() /home/ubuntu/workspace/DAW_A01207765/Lab11/form.php:0
[22-Feb-2018 19:31:57 UTC] PHP Warning:  include(_headerhtml): failed to open stream: No such file or directory in /home/ubuntu/workspace/DAW_A01207765/Lab11/login.php on line 2
[22-Feb-2018 19:31:57 UTC] PHP Stack trace:
[22-Feb-2018 19:31:57 UTC] PHP   1. {main}() /home/ubuntu/workspace/DAW_A01207765/Lab11/login.php:0
[22-Feb-2018 19:31:57 UTC] PHP Warning:  include(): Failed opening '_headerhtml' for inclusion (include_path='.:/usr/share/php:/usr/share/pear') in /home/ubuntu/workspace/DAW_A01207765/Lab11/login.php on line 2
[22-Feb-2018 19:31:57 UTC] PHP Stack trace:
[22-Feb-2018 19:31:57 UTC] PHP   1. {main}() /home/ubuntu/workspace/DAW_A01207765/Lab11/login.php:0
[26-Feb-2018 19:51:15 UTC] PHP Warning:  include(_login_form.html): failed to open stream: No such file or directory in /home/ubuntu/workspace/DAW_A01207765/Lab13/index.php on line 9
[26-Feb-2018 19:51:15 UTC] PHP Stack trace:
[26-Feb-2018 19:51:15 UTC] PHP   1. {main}() /home/ubuntu/workspace/DAW_A01207765/Lab13/index.php:0
[26-Feb-2018 19:51:15 UTC] PHP Warning:  include(): Failed opening '_login_form.html' for inclusion (include_path='.:/usr/share/php:/usr/share/pear') in /home/ubuntu/workspace/DAW_A01207765/Lab13/index.php on line 9
[26-Feb-2018 19:51:15 UTC] PHP Stack trace:
[26-Feb-2018 19:51:15 UTC] PHP   1. {main}() /home/ubuntu/workspace/DAW_A01207765/Lab13/index.php:0
[26-Feb-2018 19:51:54 UTC] PHP Warning:  include(_login_form.html): failed to open stream: No such file or directory in /home/ubuntu/workspace/DAW_A01207765/Lab13/index.php on line 9
[26-Feb-2018 19:51:54 UTC] PHP Stack trace:
[26-Feb-2018 19:51:54 UTC] PHP   1. {main}() /home/ubuntu/workspace/DAW_A01207765/Lab13/index.php:0
[26-Feb-2018 19:51:54 UTC] PHP Warning:  include(): Failed opening '_login_form.html' for inclusion (include_path='.:/usr/share/php:/usr/share/pear') in /home/ubuntu/workspace/DAW_A01207765/Lab13/index.php on line 9
[26-Feb-2018 19:51:54 UTC] PHP Stack trace:
[26-Feb-2018 19:51:54 UTC] PHP   1. {main}() /home/ubuntu/workspace/DAW_A01207765/Lab13/index.php:0
[26-Feb-2018 19:54:46 UTC] PHP Warning:  include(_login_form.html): failed to open stream: No such file or directory in /home/ubuntu/workspace/DAW_A01207765/Lab13/index.php on line 9
[26-Feb-2018 19:54:46 UTC] PHP Stack trace:
[26-Feb-2018 19:54:46 UTC] PHP   1. {main}() /home/ubuntu/workspace/DAW_A01207765/Lab13/index.php:0
[26-Feb-2018 19:54:46 UTC] PHP Warning:  include(): Failed opening '_login_form.html' for inclusion (include_path='.:/usr/share/php:/usr/share/pear') in /home/ubuntu/workspace/DAW_A01207765/Lab13/index.php on line 9
[26-Feb-2018 19:54:46 UTC] PHP Stack trace:
[26-Feb-2018 19:54:46 UTC] PHP   1. {main}() /home/ubuntu/workspace/DAW_A01207765/Lab13/index.php:0
[26-Feb-2018 19:56:35 UTC] PHP Warning:  include(_headerhtml): failed to open stream: No such file or directory in /home/ubuntu/workspace/DAW_A01207765/Lab13/login.php on line 14
[26-Feb-2018 19:56:35 UTC] PHP Stack trace:
[26-Feb-2018 19:56:35 UTC] PHP   1. {main}() /home/ubuntu/workspace/DAW_A01207765/Lab13/login.php:0
[26-Feb-2018 19:56:35 UTC] PHP Warning:  include(): Failed opening '_headerhtml' for inclusion (include_path='.:/usr/share/php:/usr/share/pear') in /home/ubuntu/workspace/DAW_A01207765/Lab13/login.php on line 14
[26-Feb-2018 19:56:35 UTC] PHP Stack trace:
[26-Feb-2018 19:56:35 UTC] PHP   1. {main}() /home/ubuntu/workspace/DAW_A01207765/Lab13/login.php:0
[26-Feb-2018 22:58:40 UTC] PHP Fatal error:  Cannot use isset() on the result of an expression (you can use "null !== expression" instead) in /home/ubuntu/workspace/DAW_A01207765/Lab13/create.php on line 3
[26-Feb-2018 22:59:49 UTC] PHP Fatal error:  Cannot use isset() on the result of an expression (you can use "null !== expression" instead) in /home/ubuntu/workspace/DAW_A01207765/Lab13/create.php on line 3
[26-Feb-2018 23:01:24 UTC] PHP Warning:  move_uploaded_file(uploads/1db31dfbdc537c138f326c582e35f72a.jpg): failed to open stream: No such file or directory in /home/ubuntu/workspace/DAW_A01207765/Lab13/create.php on line 43
[26-Feb-2018 23:01:24 UTC] PHP Stack trace:
[26-Feb-2018 23:01:24 UTC] PHP   1. {main}() /home/ubuntu/workspace/DAW_A01207765/Lab13/create.php:0
[26-Feb-2018 23:01:24 UTC] PHP   2. move_uploaded_file() /home/ubuntu/workspace/DAW_A01207765/Lab13/create.php:43
[26-Feb-2018 23:01:24 UTC] PHP Warning:  move_uploaded_file(): Unable to move '/tmp/php2uDmRl' to 'uploads/1db31dfbdc537c138f326c582e35f72a.jpg' in /home/ubuntu/workspace/DAW_A01207765/Lab13/create.php on line 43
[26-Feb-2018 23:01:24 UTC] PHP Stack trace:
[26-Feb-2018 23:01:24 UTC] PHP   1. {main}() /home/ubuntu/workspace/DAW_A01207765/Lab13/create.php:0
[26-Feb-2018 23:01:24 UTC] PHP   2. move_uploaded_file() /home/ubuntu/workspace/DAW_A01207765/Lab13/create.php:43
[27-Feb-2018 02:19:18 UTC] PHP Warning:  include(_cuestionario.php): failed to open stream: No such file or directory in /home/ubuntu/workspace/DAW_A01207765/Lab13/login.php on line 8
[27-Feb-2018 02:19:18 UTC] PHP Stack trace:
[27-Feb-2018 02:19:18 UTC] PHP   1. {main}() /home/ubuntu/workspace/DAW_A01207765/Lab13/login.php:0
[27-Feb-2018 02:19:18 UTC] PHP Warning:  include(): Failed opening '_cuestionario.php' for inclusion (include_path='.:/usr/share/php:/usr/share/pear') in /home/ubuntu/workspace/DAW_A01207765/Lab13/login.php on line 8
[27-Feb-2018 02:19:18 UTC] PHP Stack trace:
[27-Feb-2018 02:19:18 UTC] PHP   1. {main}() /home/ubuntu/workspace/DAW_A01207765/Lab13/login.php:0
[27-Feb-2018 02:29:59 UTC] PHP Warning:  include(_cuestionario.php): failed to open stream: No such file or directory in /home/ubuntu/workspace/DAW_A01207765/Lab13/login.php on line 17
[27-Feb-2018 02:29:59 UTC] PHP Stack trace:
[27-Feb-2018 02:29:59 UTC] PHP   1. {main}() /home/ubuntu/workspace/DAW_A01207765/Lab13/login.php:0
[27-Feb-2018 02:29:59 UTC] PHP Warning:  include(): Failed opening '_cuestionario.php' for inclusion (include_path='.:/usr/share/php:/usr/share/pear') in /home/ubuntu/workspace/DAW_A01207765/Lab13/login.php on line 17
[27-Feb-2018 02:29:59 UTC] PHP Stack trace:
[27-Feb-2018 02:29:59 UTC] PHP   1. {main}() /home/ubuntu/workspace/DAW_A01207765/Lab13/login.php:0
[27-Feb-2018 20:10:31 UTC] PHP Warning:  mysqli_connect(): (HY000/1049): Unknown database 'tienda' in /home/ubuntu/workspace/DAW_A01207765/Lab13/modelo.php on line 3
[27-Feb-2018 20:10:31 UTC] PHP Stack trace:
[27-Feb-2018 20:10:31 UTC] PHP   1. {main}() /home/ubuntu/workspace/DAW_A01207765/Lab13/modelo.php:0
[27-Feb-2018 20:10:31 UTC] PHP   2. connect() /home/ubuntu/workspace/DAW_A01207765/Lab13/modelo.php:9
[27-Feb-2018 20:10:31 UTC] PHP   3. mysqli_connect() /home/ubuntu/workspace/DAW_A01207765/Lab13/modelo.php:3
[27-Feb-2018 20:10:31 UTC] PHP Fatal error:  Call to a member function set_charset() on a non-object in /home/ubuntu/workspace/DAW_A01207765/Lab13/modelo.php on line 5
[27-Feb-2018 20:10:31 UTC] PHP Stack trace:
[27-Feb-2018 20:10:31 UTC] PHP   1. {main}() /home/ubuntu/workspace/DAW_A01207765/Lab13/modelo.php:0
[27-Feb-2018 20:10:31 UTC] PHP   2. connect() /home/ubuntu/workspace/DAW_A01207765/Lab13/modelo.php:9
[27-Feb-2018 20:11:08 UTC] PHP Warning:  mysqli_connect(): (HY000/1049): Unknown database 'tienda' in /home/ubuntu/workspace/DAW_A01207765/Lab13/modelo.php on line 3
[27-Feb-2018 20:11:08 UTC] PHP Stack trace:
[27-Feb-2018 20:11:08 UTC] PHP   1. {main}() /home/ubuntu/workspace/DAW_A01207765/Lab13/modelo.php:0
[27-Feb-2018 20:11:08 UTC] PHP   2. connect() /home/ubuntu/workspace/DAW_A01207765/Lab13/modelo.php:9
[27-Feb-2018 20:11:08 UTC] PHP   3. mysqli_connect() /home/ubuntu/workspace/DAW_A01207765/Lab13/modelo.php:3
[27-Feb-2018 20:11:08 UTC] PHP Fatal error:  Call to a member function set_charset() on a non-object in /home/ubuntu/workspace/DAW_A01207765/Lab13/modelo.php on line 5
[27-Feb-2018 20:11:08 UTC] PHP Stack trace:
[27-Feb-2018 20:11:08 UTC] PHP   1. {main}() /home/ubuntu/workspace/DAW_A01207765/Lab13/modelo.php:0
[27-Feb-2018 20:11:08 UTC] PHP   2. connect() /home/ubuntu/workspace/DAW_A01207765/Lab13/modelo.php:9
[27-Feb-2018 20:11:29 UTC] PHP Warning:  mysqli_connect(): (HY000/1045): Access denied for user 'ejuarezp'@'localhost' (using password: NO) in /home/ubuntu/workspace/DAW_A01207765/Lab13/modelo.php on line 3
[27-Feb-2018 20:11:29 UTC] PHP Stack trace:
[27-Feb-2018 20:11:29 UTC] PHP   1. {main}() /home/ubuntu/workspace/DAW_A01207765/Lab13/modelo.php:0
[27-Feb-2018 20:11:29 UTC] PHP   2. connect() /home/ubuntu/workspace/DAW_A01207765/Lab13/modelo.php:9
[27-Feb-2018 20:11:29 UTC] PHP   3. mysqli_connect() /home/ubuntu/workspace/DAW_A01207765/Lab13/modelo.php:3
[27-Feb-2018 20:11:29 UTC] PHP Fatal error:  Call to a member function set_charset() on a non-object in /home/ubuntu/workspace/DAW_A01207765/Lab13/modelo.php on line 5
[27-Feb-2018 20:11:29 UTC] PHP Stack trace:
[27-Feb-2018 20:11:29 UTC] PHP   1. {main}() /home/ubuntu/workspace/DAW_A01207765/Lab13/modelo.php:0
[27-Feb-2018 20:11:29 UTC] PHP   2. connect() /home/ubuntu/workspace/DAW_A01207765/Lab13/modelo.php:9
[02-Mar-2018 20:17:04 UTC] PHP Fatal error:  Call to undefined function login() in /home/ubuntu/workspace/DAW_A01207765/Lab14/login.php on line 11
[02-Mar-2018 20:17:04 UTC] PHP Stack trace:
[02-Mar-2018 20:17:04 UTC] PHP   1. {main}() /home/ubuntu/workspace/DAW_A01207765/Lab14/login.php:0
[02-Mar-2018 20:18:46 UTC] PHP Warning:  mysqli_connect(): (HY000/1049): Unknown database 'tienda' in /home/ubuntu/workspace/DAW_A01207765/Lab14/modelo.php on line 5
[02-Mar-2018 20:18:46 UTC] PHP Stack trace:
[02-Mar-2018 20:18:46 UTC] PHP   1. {main}() /home/ubuntu/workspace/DAW_A01207765/Lab14/login.php:0
[02-Mar-2018 20:18:46 UTC] PHP   2. login() /home/ubuntu/workspace/DAW_A01207765/Lab14/login.php:11
[02-Mar-2018 20:18:46 UTC] PHP   3. connect() /home/ubuntu/workspace/DAW_A01207765/Lab14/modelo.php:20
[02-Mar-2018 20:18:46 UTC] PHP   4. mysqli_connect() /home/ubuntu/workspace/DAW_A01207765/Lab14/modelo.php:5
[02-Mar-2018 20:18:46 UTC] PHP Fatal error:  Call to a member function set_charset() on a non-object in /home/ubuntu/workspace/DAW_A01207765/Lab14/modelo.php on line 11
[02-Mar-2018 20:18:46 UTC] PHP Stack trace:
[02-Mar-2018 20:18:46 UTC] PHP   1. {main}() /home/ubuntu/workspace/DAW_A01207765/Lab14/login.php:0
[02-Mar-2018 20:18:46 UTC] PHP   2. login() /home/ubuntu/workspace/DAW_A01207765/Lab14/login.php:11
[02-Mar-2018 20:18:46 UTC] PHP   3. connect() /home/ubuntu/workspace/DAW_A01207765/Lab14/modelo.php:20
[02-Mar-2018 20:20:43 UTC] PHP Warning:  mysqli_connect(): (HY000/1049): Unknown database 'tienda' in /home/ubuntu/workspace/DAW_A01207765/Lab14/modelo.php on line 5
[02-Mar-2018 20:20:43 UTC] PHP Stack trace:
[02-Mar-2018 20:20:43 UTC] PHP   1. {main}() /home/ubuntu/workspace/DAW_A01207765/Lab14/login.php:0
[02-Mar-2018 20:20:43 UTC] PHP   2. login() /home/ubuntu/workspace/DAW_A01207765/Lab14/login.php:11
[02-Mar-2018 20:20:43 UTC] PHP   3. connect() /home/ubuntu/workspace/DAW_A01207765/Lab14/modelo.php:20
[02-Mar-2018 20:20:43 UTC] PHP   4. mysqli_connect() /home/ubuntu/workspace/DAW_A01207765/Lab14/modelo.php:5
[02-Mar-2018 20:20:43 UTC] PHP Fatal error:  Call to a member function set_charset() on a non-object in /home/ubuntu/workspace/DAW_A01207765/Lab14/modelo.php on line 11
[02-Mar-2018 20:20:43 UTC] PHP Stack trace:
[02-Mar-2018 20:20:43 UTC] PHP   1. {main}() /home/ubuntu/workspace/DAW_A01207765/Lab14/login.php:0
[02-Mar-2018 20:20:43 UTC] PHP   2. login() /home/ubuntu/workspace/DAW_A01207765/Lab14/login.php:11
[02-Mar-2018 20:20:43 UTC] PHP   3. connect() /home/ubuntu/workspace/DAW_A01207765/Lab14/modelo.php:20
[02-Mar-2018 20:23:29 UTC] PHP Warning:  mysqli_connect(): (HY000/1049): Unknown database 'tienda' in /home/ubuntu/workspace/DAW_A01207765/Lab14/modelo.php on line 5
[02-Mar-2018 20:23:29 UTC] PHP Stack trace:
[02-Mar-2018 20:23:29 UTC] PHP   1. {main}() /home/ubuntu/workspace/DAW_A01207765/Lab14/login.php:0
[02-Mar-2018 20:23:29 UTC] PHP   2. login() /home/ubuntu/workspace/DAW_A01207765/Lab14/login.php:11
[02-Mar-2018 20:23:29 UTC] PHP   3. connect() /home/ubuntu/workspace/DAW_A01207765/Lab14/modelo.php:20
[02-Mar-2018 20:23:29 UTC] PHP   4. mysqli_connect() /home/ubuntu/workspace/DAW_A01207765/Lab14/modelo.php:5
[02-Mar-2018 20:23:29 UTC] PHP Fatal error:  Call to a member function set_charset() on a non-object in /home/ubuntu/workspace/DAW_A01207765/Lab14/modelo.php on line 11
[02-Mar-2018 20:23:29 UTC] PHP Stack trace:
[02-Mar-2018 20:23:29 UTC] PHP   1. {main}() /home/ubuntu/workspace/DAW_A01207765/Lab14/login.php:0
[02-Mar-2018 20:23:29 UTC] PHP   2. login() /home/ubuntu/workspace/DAW_A01207765/Lab14/login.php:11
[02-Mar-2018 20:23:29 UTC] PHP   3. connect() /home/ubuntu/workspace/DAW_A01207765/Lab14/modelo.php:20
[02-Mar-2018 20:24:59 UTC] PHP Warning:  mysqli_num_rows() expects parameter 1 to be mysqli_result, boolean given in /home/ubuntu/workspace/DAW_A01207765/Lab14/modelo.php on line 31
[02-Mar-2018 20:24:59 UTC] PHP Stack trace:
[02-Mar-2018 20:24:59 UTC] PHP   1. {main}() /home/ubuntu/workspace/DAW_A01207765/Lab14/login.php:0
[02-Mar-2018 20:24:59 UTC] PHP   2. login() /home/ubuntu/workspace/DAW_A01207765/Lab14/login.php:11
[02-Mar-2018 20:24:59 UTC] PHP   3. mysqli_num_rows() /home/ubuntu/workspace/DAW_A01207765/Lab14/modelo.php:31
[02-Mar-2018 20:29:35 UTC] PHP Warning:  mysqli_num_rows() expects parameter 1 to be mysqli_result, boolean given in /home/ubuntu/workspace/DAW_A01207765/Lab14/modelo.php on line 31
[02-Mar-2018 20:29:35 UTC] PHP Stack trace:
[02-Mar-2018 20:29:35 UTC] PHP   1. {main}() /home/ubuntu/workspace/DAW_A01207765/Lab14/login.php:0
[02-Mar-2018 20:29:35 UTC] PHP   2. login() /home/ubuntu/workspace/DAW_A01207765/Lab14/login.php:11
[02-Mar-2018 20:29:35 UTC] PHP   3. mysqli_num_rows() /home/ubuntu/workspace/DAW_A01207765/Lab14/modelo.php:31
[02-Mar-2018 20:37:05 UTC] PHP Warning:  mysqli_num_rows() expects parameter 1 to be mysqli_result, boolean given in /home/ubuntu/workspace/DAW_A01207765/Lab14/modelo.php on line 30
[02-Mar-2018 20:37:05 UTC] PHP Stack trace:
[02-Mar-2018 20:37:05 UTC] PHP   1. {main}() /home/ubuntu/workspace/DAW_A01207765/Lab14/login.php:0
[02-Mar-2018 20:37:05 UTC] PHP   2. login() /home/ubuntu/workspace/DAW_A01207765/Lab14/login.php:11
[02-Mar-2018 20:37:05 UTC] PHP   3. mysqli_num_rows() /home/ubuntu/workspace/DAW_A01207765/Lab14/modelo.php:30
[02-Mar-2018 20:37:51 UTC] PHP Warning:  mysqli_num_rows() expects parameter 1 to be mysqli_result, boolean given in /home/ubuntu/workspace/DAW_A01207765/Lab14/modelo.php on line 30
[02-Mar-2018 20:37:51 UTC] PHP Stack trace:
[02-Mar-2018 20:37:51 UTC] PHP   1. {main}() /home/ubuntu/workspace/DAW_A01207765/Lab14/login.php:0
[02-Mar-2018 20:37:51 UTC] PHP   2. login() /home/ubuntu/workspace/DAW_A01207765/Lab14/login.php:11
[02-Mar-2018 20:37:51 UTC] PHP   3. mysqli_num_rows() /home/ubuntu/workspace/DAW_A01207765/Lab14/modelo.php:30
[02-Mar-2018 20:38:01 UTC] PHP Warning:  mysqli_num_rows() expects parameter 1 to be mysqli_result, boolean given in /home/ubuntu/workspace/DAW_A01207765/Lab14/modelo.php on line 30
[02-Mar-2018 20:38:01 UTC] PHP Stack trace:
[02-Mar-2018 20:38:01 UTC] PHP   1. {main}() /home/ubuntu/workspace/DAW_A01207765/Lab14/login.php:0
[02-Mar-2018 20:38:01 UTC] PHP   2. login() /home/ubuntu/workspace/DAW_A01207765/Lab14/login.php:11
[02-Mar-2018 20:38:01 UTC] PHP   3. mysqli_num_rows() /home/ubuntu/workspace/DAW_A01207765/Lab14/modelo.php:30
[02-Mar-2018 20:41:07 UTC] PHP Warning:  mysqli_num_rows() expects parameter 1 to be mysqli_result, boolean given in /home/ubuntu/workspace/DAW_A01207765/Lab14/modelo.php on line 31
[02-Mar-2018 20:41:07 UTC] PHP Stack trace:
[02-Mar-2018 20:41:07 UTC] PHP   1. {main}() /home/ubuntu/workspace/DAW_A01207765/Lab14/login.php:0
[02-Mar-2018 20:41:07 UTC] PHP   2. login() /home/ubuntu/workspace/DAW_A01207765/Lab14/login.php:11
[02-Mar-2018 20:41:07 UTC] PHP   3. mysqli_num_rows() /home/ubuntu/workspace/DAW_A01207765/Lab14/modelo.php:31
[02-Mar-2018 20:44:43 UTC] PHP Warning:  mysqli_num_rows() expects parameter 1 to be mysqli_result, boolean given in /home/ubuntu/workspace/DAW_A01207765/Lab14/modelo.php on line 31
[02-Mar-2018 20:44:43 UTC] PHP Stack trace:
[02-Mar-2018 20:44:43 UTC] PHP   1. {main}() /home/ubuntu/workspace/DAW_A01207765/Lab14/login.php:0
[02-Mar-2018 20:44:43 UTC] PHP   2. login() /home/ubuntu/workspace/DAW_A01207765/Lab14/login.php:11
[02-Mar-2018 20:44:43 UTC] PHP   3. mysqli_num_rows() /home/ubuntu/workspace/DAW_A01207765/Lab14/modelo.php:31
[02-Mar-2018 20:47:55 UTC] PHP Warning:  mysqli_num_rows() expects parameter 1 to be mysqli_result, boolean given in /home/ubuntu/workspace/DAW_A01207765/Lab14/modelo.php on line 31
[02-Mar-2018 20:47:55 UTC] PHP Stack trace:
[02-Mar-2018 20:47:55 UTC] PHP   1. {main}() /home/ubuntu/workspace/DAW_A01207765/Lab14/login.php:0
[02-Mar-2018 20:47:55 UTC] PHP   2. login() /home/ubuntu/workspace/DAW_A01207765/Lab14/login.php:11
[02-Mar-2018 20:47:55 UTC] PHP   3. mysqli_num_rows() /home/ubuntu/workspace/DAW_A01207765/Lab14/modelo.php:31
[02-Mar-2018 20:49:19 UTC] PHP Warning:  mysqli_num_rows() expects parameter 1 to be mysqli_result, boolean given in /home/ubuntu/workspace/DAW_A01207765/Lab14/modelo.php on line 31
[02-Mar-2018 20:49:19 UTC] PHP Stack trace:
[02-Mar-2018 20:49:19 UTC] PHP   1. {main}() /home/ubuntu/workspace/DAW_A01207765/Lab14/login.php:0
[02-Mar-2018 20:49:19 UTC] PHP   2. login() /home/ubuntu/workspace/DAW_A01207765/Lab14/login.php:11
[02-Mar-2018 20:49:19 UTC] PHP   3. mysqli_num_rows() /home/ubuntu/workspace/DAW_A01207765/Lab14/modelo.php:31
[02-Mar-2018 20:50:41 UTC] PHP Fatal error:  Can't use function return value in write context in /home/ubuntu/workspace/DAW_A01207765/Lab14/modelo.php on line 31
[02-Mar-2018 20:50:41 UTC] PHP Stack trace:
[02-Mar-2018 20:50:41 UTC] PHP   1. {main}() /home/ubuntu/workspace/DAW_A01207765/Lab14/login.php:0
[02-Mar-2018 20:51:21 UTC] PHP Warning:  mysqli_num_rows() expects parameter 1 to be mysqli_result, boolean given in /home/ubuntu/workspace/DAW_A01207765/Lab14/modelo.php on line 31
[02-Mar-2018 20:51:21 UTC] PHP Stack trace:
[02-Mar-2018 20:51:21 UTC] PHP   1. {main}() /home/ubuntu/workspace/DAW_A01207765/Lab14/login.php:0
[02-Mar-2018 20:51:21 UTC] PHP   2. login() /home/ubuntu/workspace/DAW_A01207765/Lab14/login.php:11
[02-Mar-2018 20:51:21 UTC] PHP   3. mysqli_num_rows() /home/ubuntu/workspace/DAW_A01207765/Lab14/modelo.php:31
[03-Mar-2018 19:06:58 UTC] PHP Warning:  getimagesize(): Filename cannot be empty in /home/ubuntu/workspace/DAW_A01207765/Lab16/create.php on line 13
[03-Mar-2018 19:06:58 UTC] PHP Stack trace:
[03-Mar-2018 19:06:58 UTC] PHP   1. {main}() /home/ubuntu/workspace/DAW_A01207765/Lab16/create.php:0
[03-Mar-2018 19:06:58 UTC] PHP   2. getimagesize() /home/ubuntu/workspace/DAW_A01207765/Lab16/create.php:13
[03-Mar-2018 19:16:33 UTC] PHP Fatal error:  Call to undefined function crearProducto() in /home/ubuntu/workspace/DAW_A01207765/Lab16/create.php on line 56
[03-Mar-2018 19:16:33 UTC] PHP Stack trace:
[03-Mar-2018 19:16:33 UTC] PHP   1. {main}() /home/ubuntu/workspace/DAW_A01207765/Lab16/create.php:0
[03-Mar-2018 19:22:12 UTC] PHP Warning:  mysqli_free_result() expects parameter 1 to be mysqli_result, null given in /home/ubuntu/workspace/DAW_A01207765/Lab16/modelo.php on line 61
[03-Mar-2018 19:22:12 UTC] PHP Stack trace:
[03-Mar-2018 19:22:12 UTC] PHP   1. {main}() /home/ubuntu/workspace/DAW_A01207765/Lab16/create.php:0
[03-Mar-2018 19:22:12 UTC] PHP   2. crearProducto() /home/ubuntu/workspace/DAW_A01207765/Lab16/create.php:56
[03-Mar-2018 19:22:12 UTC] PHP   3. mysqli_free_result() /home/ubuntu/workspace/DAW_A01207765/Lab16/modelo.php:61
[13-Mar-2018 20:32:51 UTC] PHP Warning:  include(_header.html): failed to open stream: No such file or directory in /home/ubuntu/workspace/DAW_A01207765/Lab20/index.php on line 1
[13-Mar-2018 20:32:51 UTC] PHP Stack trace:
[13-Mar-2018 20:32:51 UTC] PHP   1. {main}() /home/ubuntu/workspace/DAW_A01207765/Lab20/index.php:0
[13-Mar-2018 20:32:51 UTC] PHP Warning:  include(): Failed opening '_header.html' for inclusion (include_path='.:/usr/share/php:/usr/share/pear') in /home/ubuntu/workspace/DAW_A01207765/Lab20/index.php on line 1
[13-Mar-2018 20:32:51 UTC] PHP Stack trace:
[13-Mar-2018 20:32:51 UTC] PHP   1. {main}() /home/ubuntu/workspace/DAW_A01207765/Lab20/index.php:0
[19-Mar-2018 20:22:36 UTC] PHP Warning:  mysqli_free_result() expects parameter 1 to be mysqli_result, null given in /home/ubuntu/workspace/DAW_A01207765/Lab16/modelo.php on line 61
[19-Mar-2018 20:22:36 UTC] PHP Stack trace:
[19-Mar-2018 20:22:36 UTC] PHP   1. {main}() /home/ubuntu/workspace/DAW_A01207765/Lab16/create.php:0
[19-Mar-2018 20:22:36 UTC] PHP   2. crearProducto() /home/ubuntu/workspace/DAW_A01207765/Lab16/create.php:56
[19-Mar-2018 20:22:36 UTC] PHP   3. mysqli_free_result() /home/ubuntu/workspace/DAW_A01207765/Lab16/modelo.php:61
[23-Mar-2018 16:51:01 UTC] PHP Warning:  include(partial/_footer.html): failed to open stream: No such file or directory in /home/ubuntu/workspace/DAW_A01207765/Training/index.php on line 5
[23-Mar-2018 16:51:01 UTC] PHP Stack trace:
[23-Mar-2018 16:51:01 UTC] PHP   1. {main}() /home/ubuntu/workspace/DAW_A01207765/Training/index.php:0
[23-Mar-2018 16:51:01 UTC] PHP Warning:  include(): Failed opening 'partial/_footer.html' for inclusion (include_path='.:/usr/share/php:/usr/share/pear') in /home/ubuntu/workspace/DAW_A01207765/Training/index.php on line 5
[23-Mar-2018 16:51:01 UTC] PHP Stack trace:
[23-Mar-2018 16:51:01 UTC] PHP   1. {main}() /home/ubuntu/workspace/DAW_A01207765/Training/index.php:0
[23-Mar-2018 17:07:17 UTC] PHP Warning:  mysqli_num_rows() expects parameter 1 to be mysqli_result, boolean given in /home/ubuntu/workspace/DAW_A01207765/Training/util.php on line 111
[23-Mar-2018 17:07:17 UTC] PHP Stack trace:
[23-Mar-2018 17:07:17 UTC] PHP   1. {main}() /home/ubuntu/workspace/DAW_A01207765/Training/estado.php:0
[23-Mar-2018 17:07:17 UTC] PHP   2. getZombiesEstado() /home/ubuntu/workspace/DAW_A01207765/Training/estado.php:3
[23-Mar-2018 17:07:17 UTC] PHP   3. mysqli_num_rows() /home/ubuntu/workspace/DAW_A01207765/Training/util.php:111
[23-Mar-2018 17:07:17 UTC] PHP Warning:  mysqli_free_result() expects parameter 1 to be mysqli_result, boolean given in /home/ubuntu/workspace/DAW_A01207765/Training/util.php on line 125
[23-Mar-2018 17:07:17 UTC] PHP Stack trace:
[23-Mar-2018 17:07:17 UTC] PHP   1. {main}() /home/ubuntu/workspace/DAW_A01207765/Training/estado.php:0
[23-Mar-2018 17:07:17 UTC] PHP   2. getZombiesEstado() /home/ubuntu/workspace/DAW_A01207765/Training/estado.php:3
[23-Mar-2018 17:07:17 UTC] PHP   3. mysqli_free_result() /home/ubuntu/workspace/DAW_A01207765/Training/util.php:125
[23-Mar-2018 17:07:17 UTC] PHP Warning:  mysqli_fetch_array() expects parameter 1 to be mysqli_result, boolean given in /home/ubuntu/workspace/DAW_A01207765/Training/util.php on line 92
[23-Mar-2018 17:07:17 UTC] PHP Stack trace:
[23-Mar-2018 17:07:17 UTC] PHP   1. {main}() /home/ubuntu/workspace/DAW_A01207765/Training/estado.php:0
[23-Mar-2018 17:07:17 UTC] PHP   2. totalEstado() /home/ubuntu/workspace/DAW_A01207765/Training/estado.php:4
[23-Mar-2018 17:07:17 UTC] PHP   3. mysqli_fetch_array() /home/ubuntu/workspace/DAW_A01207765/Training/util.php:92
[23-Mar-2018 17:07:22 UTC] PHP Warning:  mysqli_num_rows() expects parameter 1 to be mysqli_result, boolean given in /home/ubuntu/workspace/DAW_A01207765/Training/util.php on line 111
[23-Mar-2018 17:07:22 UTC] PHP Stack trace:
[23-Mar-2018 17:07:22 UTC] PHP   1. {main}() /home/ubuntu/workspace/DAW_A01207765/Training/estado.php:0
[23-Mar-2018 17:07:22 UTC] PHP   2. getZombiesEstado() /home/ubuntu/workspace/DAW_A01207765/Training/estado.php:3
[23-Mar-2018 17:07:22 UTC] PHP   3. mysqli_num_rows() /home/ubuntu/workspace/DAW_A01207765/Training/util.php:111
[23-Mar-2018 17:07:22 UTC] PHP Warning:  mysqli_free_result() expects parameter 1 to be mysqli_result, boolean given in /home/ubuntu/workspace/DAW_A01207765/Training/util.php on line 125
[23-Mar-2018 17:07:22 UTC] PHP Stack trace:
[23-Mar-2018 17:07:22 UTC] PHP   1. {main}() /home/ubuntu/workspace/DAW_A01207765/Training/estado.php:0
[23-Mar-2018 17:07:22 UTC] PHP   2. getZombiesEstado() /home/ubuntu/workspace/DAW_A01207765/Training/estado.php:3
[23-Mar-2018 17:07:22 UTC] PHP   3. mysqli_free_result() /home/ubuntu/workspace/DAW_A01207765/Training/util.php:125
[23-Mar-2018 17:07:22 UTC] PHP Warning:  mysqli_fetch_array() expects parameter 1 to be mysqli_result, boolean given in /home/ubuntu/workspace/DAW_A01207765/Training/util.php on line 92
[23-Mar-2018 17:07:22 UTC] PHP Stack trace:
[23-Mar-2018 17:07:22 UTC] PHP   1. {main}() /home/ubuntu/workspace/DAW_A01207765/Training/estado.php:0
[23-Mar-2018 17:07:22 UTC] PHP   2. totalEstado() /home/ubuntu/workspace/DAW_A01207765/Training/estado.php:4
[23-Mar-2018 17:07:22 UTC] PHP   3. mysqli_fetch_array() /home/ubuntu/workspace/DAW_A01207765/Training/util.php:92
[23-Mar-2018 17:21:53 UTC] PHP Warning:  include(partial/_header.html): failed to open stream: No such file or directory in /home/ubuntu/workspace/DAW_A01207765/Training/registro_zombie.php on line 3
[23-Mar-2018 17:21:53 UTC] PHP Stack trace:
[23-Mar-2018 17:21:53 UTC] PHP   1. {main}() /home/ubuntu/workspace/DAW_A01207765/Training/registro_zombie.php:0
[23-Mar-2018 17:21:53 UTC] PHP Warning:  include(): Failed opening 'partial/_header.html' for inclusion (include_path='.:/usr/share/php:/usr/share/pear') in /home/ubuntu/workspace/DAW_A01207765/Training/registro_zombie.php on line 3
[23-Mar-2018 17:21:53 UTC] PHP Stack trace:
[23-Mar-2018 17:21:53 UTC] PHP   1. {main}() /home/ubuntu/workspace/DAW_A01207765/Training/registro_zombie.php:0
[23-Mar-2018 17:22:26 UTC] PHP Catchable fatal error:  Object of class mysqli could not be converted to string in /home/ubuntu/workspace/DAW_A01207765/Training/util.php on line 132
[23-Mar-2018 17:22:26 UTC] PHP Stack trace:
[23-Mar-2018 17:22:26 UTC] PHP   1. {main}() /home/ubuntu/workspace/DAW_A01207765/Training/add.php:0
[23-Mar-2018 17:22:26 UTC] PHP   2. getById() /home/ubuntu/workspace/DAW_A01207765/Training/add.php:4
[23-Mar-2018 17:24:51 UTC] PHP Warning:  mysqli_fetch_array() expects parameter 1 to be mysqli_result, boolean given in /home/ubuntu/workspace/DAW_A01207765/Training/util.php on line 133
[23-Mar-2018 17:24:51 UTC] PHP Stack trace:
[23-Mar-2018 17:24:51 UTC] PHP   1. {main}() /home/ubuntu/workspace/DAW_A01207765/Training/add.php:0
[23-Mar-2018 17:24:51 UTC] PHP   2. getById() /home/ubuntu/workspace/DAW_A01207765/Training/add.php:4
[23-Mar-2018 17:24:51 UTC] PHP   3. mysqli_fetch_array() /home/ubuntu/workspace/DAW_A01207765/Training/util.php:133
[23-Mar-2018 17:25:02 UTC] PHP Warning:  mysqli_fetch_array() expects parameter 1 to be mysqli_result, boolean given in /home/ubuntu/workspace/DAW_A01207765/Training/util.php on line 133
[23-Mar-2018 17:25:02 UTC] PHP Stack trace:
[23-Mar-2018 17:25:02 UTC] PHP   1. {main}() /home/ubuntu/workspace/DAW_A01207765/Training/add.php:0
[23-Mar-2018 17:25:02 UTC] PHP   2. getById() /home/ubuntu/workspace/DAW_A01207765/Training/add.php:4
[23-Mar-2018 17:25:02 UTC] PHP   3. mysqli_fetch_array() /home/ubuntu/workspace/DAW_A01207765/Training/util.php:133
[23-Mar-2018 17:29:56 UTC] PHP Warning:  mysqli_fetch_array() expects parameter 1 to be mysqli_result, boolean given in /home/ubuntu/workspace/DAW_A01207765/Training/util.php on line 133
[23-Mar-2018 17:29:56 UTC] PHP Stack trace:
[23-Mar-2018 17:29:56 UTC] PHP   1. {main}() /home/ubuntu/workspace/DAW_A01207765/Training/add.php:0
[23-Mar-2018 17:29:56 UTC] PHP   2. getById() /home/ubuntu/workspace/DAW_A01207765/Training/add.php:4
[23-Mar-2018 17:29:56 UTC] PHP   3. mysqli_fetch_array() /home/ubuntu/workspace/DAW_A01207765/Training/util.php:133
[23-Mar-2018 17:32:11 UTC] PHP Warning:  mysqli_num_rows() expects parameter 1 to be mysqli_result, boolean given in /home/ubuntu/workspace/DAW_A01207765/Training/util.php on line 111
[23-Mar-2018 17:32:11 UTC] PHP Stack trace:
[23-Mar-2018 17:32:11 UTC] PHP   1. {main}() /home/ubuntu/workspace/DAW_A01207765/Training/estado.php:0
[23-Mar-2018 17:32:11 UTC] PHP   2. getZombiesEstado() /home/ubuntu/workspace/DAW_A01207765/Training/estado.php:3
[23-Mar-2018 17:32:11 UTC] PHP   3. mysqli_num_rows() /home/ubuntu/workspace/DAW_A01207765/Training/util.php:111
[23-Mar-2018 17:32:11 UTC] PHP Warning:  mysqli_free_result() expects parameter 1 to be mysqli_result, boolean given in /home/ubuntu/workspace/DAW_A01207765/Training/util.php on line 125
[23-Mar-2018 17:32:11 UTC] PHP Stack trace:
[23-Mar-2018 17:32:11 UTC] PHP   1. {main}() /home/ubuntu/workspace/DAW_A01207765/Training/estado.php:0
[23-Mar-2018 17:32:11 UTC] PHP   2. getZombiesEstado() /home/ubuntu/workspace/DAW_A01207765/Training/estado.php:3
[23-Mar-2018 17:32:11 UTC] PHP   3. mysqli_free_result() /home/ubuntu/workspace/DAW_A01207765/Training/util.php:125
[23-Mar-2018 17:32:11 UTC] PHP Warning:  mysqli_fetch_array() expects parameter 1 to be mysqli_result, boolean given in /home/ubuntu/workspace/DAW_A01207765/Training/util.php on line 92
[23-Mar-2018 17:32:11 UTC] PHP Stack trace:
[23-Mar-2018 17:32:11 UTC] PHP   1. {main}() /home/ubuntu/workspace/DAW_A01207765/Training/estado.php:0
[23-Mar-2018 17:32:11 UTC] PHP   2. totalEstado() /home/ubuntu/workspace/DAW_A01207765/Training/estado.php:4
[23-Mar-2018 17:32:11 UTC] PHP   3. mysqli_fetch_array() /home/ubuntu/workspace/DAW_A01207765/Training/util.php:92
[23-Mar-2018 17:32:25 UTC] PHP Warning:  mysqli_num_rows() expects parameter 1 to be mysqli_result, boolean given in /home/ubuntu/workspace/DAW_A01207765/Training/util.php on line 111
[23-Mar-2018 17:32:25 UTC] PHP Stack trace:
[23-Mar-2018 17:32:25 UTC] PHP   1. {main}() /home/ubuntu/workspace/DAW_A01207765/Training/estado.php:0
[23-Mar-2018 17:32:25 UTC] PHP   2. getZombiesEstado() /home/ubuntu/workspace/DAW_A01207765/Training/estado.php:3
[23-Mar-2018 17:32:25 UTC] PHP   3. mysqli_num_rows() /home/ubuntu/workspace/DAW_A01207765/Training/util.php:111
[23-Mar-2018 17:32:25 UTC] PHP Warning:  mysqli_free_result() expects parameter 1 to be mysqli_result, boolean given in /home/ubuntu/workspace/DAW_A01207765/Training/util.php on line 125
[23-Mar-2018 17:32:25 UTC] PHP Stack trace:
[23-Mar-2018 17:32:25 UTC] PHP   1. {main}() /home/ubuntu/workspace/DAW_A01207765/Training/estado.php:0
[23-Mar-2018 17:32:25 UTC] PHP   2. getZombiesEstado() /home/ubuntu/workspace/DAW_A01207765/Training/estado.php:3
[23-Mar-2018 17:32:25 UTC] PHP   3. mysqli_free_result() /home/ubuntu/workspace/DAW_A01207765/Training/util.php:125
[23-Mar-2018 17:32:25 UTC] PHP Warning:  mysqli_fetch_array() expects parameter 1 to be mysqli_result, boolean given in /home/ubuntu/workspace/DAW_A01207765/Training/util.php on line 92
[23-Mar-2018 17:32:25 UTC] PHP Stack trace:
[23-Mar-2018 17:32:25 UTC] PHP   1. {main}() /home/ubuntu/workspace/DAW_A01207765/Training/estado.php:0
[23-Mar-2018 17:32:25 UTC] PHP   2. totalEstado() /home/ubuntu/workspace/DAW_A01207765/Training/estado.php:4
[23-Mar-2018 17:32:25 UTC] PHP   3. mysqli_fetch_array() /home/ubuntu/workspace/DAW_A01207765/Training/util.php:92
[23-Mar-2018 17:32:29 UTC] PHP Warning:  mysqli_num_rows() expects parameter 1 to be mysqli_result, boolean given in /home/ubuntu/workspace/DAW_A01207765/Training/util.php on line 111
[23-Mar-2018 17:32:29 UTC] PHP Stack trace:
[23-Mar-2018 17:32:29 UTC] PHP   1. {main}() /home/ubuntu/workspace/DAW_A01207765/Training/estado.php:0
[23-Mar-2018 17:32:29 UTC] PHP   2. getZombiesEstado() /home/ubuntu/workspace/DAW_A01207765/Training/estado.php:3
[23-Mar-2018 17:32:29 UTC] PHP   3. mysqli_num_rows() /home/ubuntu/workspace/DAW_A01207765/Training/util.php:111
[23-Mar-2018 17:32:29 UTC] PHP Warning:  mysqli_free_result() expects parameter 1 to be mysqli_result, boolean given in /home/ubuntu/workspace/DAW_A01207765/Training/util.php on line 125
[23-Mar-2018 17:32:29 UTC] PHP Stack trace:
[23-Mar-2018 17:32:29 UTC] PHP   1. {main}() /home/ubuntu/workspace/DAW_A01207765/Training/estado.php:0
[23-Mar-2018 17:32:29 UTC] PHP   2. getZombiesEstado() /home/ubuntu/workspace/DAW_A01207765/Training/estado.php:3
[23-Mar-2018 17:32:29 UTC] PHP   3. mysqli_free_result() /home/ubuntu/workspace/DAW_A01207765/Training/util.php:125
[23-Mar-2018 17:32:29 UTC] PHP Warning:  mysqli_fetch_array() expects parameter 1 to be mysqli_result, boolean given in /home/ubuntu/workspace/DAW_A01207765/Training/util.php on line 92
[23-Mar-2018 17:32:29 UTC] PHP Stack trace:
[23-Mar-2018 17:32:29 UTC] PHP   1. {main}() /home/ubuntu/workspace/DAW_A01207765/Training/estado.php:0
[23-Mar-2018 17:32:29 UTC] PHP   2. totalEstado() /home/ubuntu/workspace/DAW_A01207765/Training/estado.php:4
[23-Mar-2018 17:32:29 UTC] PHP   3. mysqli_fetch_array() /home/ubuntu/workspace/DAW_A01207765/Training/util.php:92
[23-Mar-2018 17:32:34 UTC] PHP Warning:  mysqli_num_rows() expects parameter 1 to be mysqli_result, boolean given in /home/ubuntu/workspace/DAW_A01207765/Training/util.php on line 111
[23-Mar-2018 17:32:34 UTC] PHP Stack trace:
[23-Mar-2018 17:32:34 UTC] PHP   1. {main}() /home/ubuntu/workspace/DAW_A01207765/Training/estado.php:0
[23-Mar-2018 17:32:34 UTC] PHP   2. getZombiesEstado() /home/ubuntu/workspace/DAW_A01207765/Training/estado.php:3
[23-Mar-2018 17:32:34 UTC] PHP   3. mysqli_num_rows() /home/ubuntu/workspace/DAW_A01207765/Training/util.php:111
[23-Mar-2018 17:32:34 UTC] PHP Warning:  mysqli_free_result() expects parameter 1 to be mysqli_result, boolean given in /home/ubuntu/workspace/DAW_A01207765/Training/util.php on line 125
[23-Mar-2018 17:32:34 UTC] PHP Stack trace:
[23-Mar-2018 17:32:34 UTC] PHP   1. {main}() /home/ubuntu/workspace/DAW_A01207765/Training/estado.php:0
[23-Mar-2018 17:32:34 UTC] PHP   2. getZombiesEstado() /home/ubuntu/workspace/DAW_A01207765/Training/estado.php:3
[23-Mar-2018 17:32:34 UTC] PHP   3. mysqli_free_result() /home/ubuntu/workspace/DAW_A01207765/Training/util.php:125
[23-Mar-2018 17:32:34 UTC] PHP Warning:  mysqli_fetch_array() expects parameter 1 to be mysqli_result, boolean given in /home/ubuntu/workspace/DAW_A01207765/Training/util.php on line 92
[23-Mar-2018 17:32:34 UTC] PHP Stack trace:
[23-Mar-2018 17:32:34 UTC] PHP   1. {main}() /home/ubuntu/workspace/DAW_A01207765/Training/estado.php:0
[23-Mar-2018 17:32:34 UTC] PHP   2. totalEstado() /home/ubuntu/workspace/DAW_A01207765/Training/estado.php:4
[23-Mar-2018 17:32:34 UTC] PHP   3. mysqli_fetch_array() /home/ubuntu/workspace/DAW_A01207765/Training/util.php:92
[23-Mar-2018 17:32:37 UTC] PHP Warning:  mysqli_num_rows() expects parameter 1 to be mysqli_result, boolean given in /home/ubuntu/workspace/DAW_A01207765/Training/util.php on line 111
[23-Mar-2018 17:32:37 UTC] PHP Stack trace:
[23-Mar-2018 17:32:37 UTC] PHP   1. {main}() /home/ubuntu/workspace/DAW_A01207765/Training/estado.php:0
[23-Mar-2018 17:32:37 UTC] PHP   2. getZombiesEstado() /home/ubuntu/workspace/DAW_A01207765/Training/estado.php:3
[23-Mar-2018 17:32:37 UTC] PHP   3. mysqli_num_rows() /home/ubuntu/workspace/DAW_A01207765/Training/util.php:111
[23-Mar-2018 17:32:37 UTC] PHP Warning:  mysqli_free_result() expects parameter 1 to be mysqli_result, boolean given in /home/ubuntu/workspace/DAW_A01207765/Training/util.php on line 125
[23-Mar-2018 17:32:37 UTC] PHP Stack trace:
[23-Mar-2018 17:32:37 UTC] PHP   1. {main}() /home/ubuntu/workspace/DAW_A01207765/Training/estado.php:0
[23-Mar-2018 17:32:37 UTC] PHP   2. getZombiesEstado() /home/ubuntu/workspace/DAW_A01207765/Training/estado.php:3
[23-Mar-2018 17:32:37 UTC] PHP   3. mysqli_free_result() /home/ubuntu/workspace/DAW_A01207765/Training/util.php:125
[23-Mar-2018 17:32:37 UTC] PHP Warning:  mysqli_fetch_array() expects parameter 1 to be mysqli_result, boolean given in /home/ubuntu/workspace/DAW_A01207765/Training/util.php on line 92
[23-Mar-2018 17:32:37 UTC] PHP Stack trace:
[23-Mar-2018 17:32:37 UTC] PHP   1. {main}() /home/ubuntu/workspace/DAW_A01207765/Training/estado.php:0
[23-Mar-2018 17:32:37 UTC] PHP   2. totalEstado() /home/ubuntu/workspace/DAW_A01207765/Training/estado.php:4
[23-Mar-2018 17:32:37 UTC] PHP   3. mysqli_fetch_array() /home/ubuntu/workspace/DAW_A01207765/Training/util.php:92
[23-Mar-2018 17:32:50 UTC] PHP Warning:  mysqli_fetch_array() expects parameter 1 to be mysqli_result, boolean given in /home/ubuntu/workspace/DAW_A01207765/Training/util.php on line 133
[23-Mar-2018 17:32:50 UTC] PHP Stack trace:
[23-Mar-2018 17:32:50 UTC] PHP   1. {main}() /home/ubuntu/workspace/DAW_A01207765/Training/add.php:0
[23-Mar-2018 17:32:50 UTC] PHP   2. getById() /home/ubuntu/workspace/DAW_A01207765/Training/add.php:4
[23-Mar-2018 17:32:50 UTC] PHP   3. mysqli_fetch_array() /home/ubuntu/workspace/DAW_A01207765/Training/util.php:133
[23-Mar-2018 17:33:21 UTC] PHP Fatal error:  Call to a member function prepare() on a non-object in /home/ubuntu/workspace/DAW_A01207765/Training/util.php on line 35
[23-Mar-2018 17:33:21 UTC] PHP Stack trace:
[23-Mar-2018 17:33:21 UTC] PHP   1. {main}() /home/ubuntu/workspace/DAW_A01207765/Training/guardar_estado.php:0
[23-Mar-2018 17:33:21 UTC] PHP   2. editarEstadoZombie() /home/ubuntu/workspace/DAW_A01207765/Training/guardar_estado.php:5
[23-Mar-2018 17:37:59 UTC] PHP Warning:  mysqli_fetch_array() expects parameter 1 to be mysqli_result, boolean given in /home/ubuntu/workspace/DAW_A01207765/Training/util.php on line 133
[23-Mar-2018 17:37:59 UTC] PHP Stack trace:
[23-Mar-2018 17:37:59 UTC] PHP   1. {main}() /home/ubuntu/workspace/DAW_A01207765/Training/add.php:0
[23-Mar-2018 17:37:59 UTC] PHP   2. getById() /home/ubuntu/workspace/DAW_A01207765/Training/add.php:4
[23-Mar-2018 17:37:59 UTC] PHP   3. mysqli_fetch_array() /home/ubuntu/workspace/DAW_A01207765/Training/util.php:133
[23-Mar-2018 17:38:09 UTC] PHP Warning:  mysqli_num_rows() expects parameter 1 to be mysqli_result, boolean given in /home/ubuntu/workspace/DAW_A01207765/Training/util.php on line 111
[23-Mar-2018 17:38:09 UTC] PHP Stack trace:
[23-Mar-2018 17:38:09 UTC] PHP   1. {main}() /home/ubuntu/workspace/DAW_A01207765/Training/estado.php:0
[23-Mar-2018 17:38:09 UTC] PHP   2. getZombiesEstado() /home/ubuntu/workspace/DAW_A01207765/Training/estado.php:3
[23-Mar-2018 17:38:09 UTC] PHP   3. mysqli_num_rows() /home/ubuntu/workspace/DAW_A01207765/Training/util.php:111
[23-Mar-2018 17:38:09 UTC] PHP Warning:  mysqli_free_result() expects parameter 1 to be mysqli_result, boolean given in /home/ubuntu/workspace/DAW_A01207765/Training/util.php on line 125
[23-Mar-2018 17:38:09 UTC] PHP Stack trace:
[23-Mar-2018 17:38:09 UTC] PHP   1. {main}() /home/ubuntu/workspace/DAW_A01207765/Training/estado.php:0
[23-Mar-2018 17:38:09 UTC] PHP   2. getZombiesEstado() /home/ubuntu/workspace/DAW_A01207765/Training/estado.php:3
[23-Mar-2018 17:38:09 UTC] PHP   3. mysqli_free_result() /home/ubuntu/workspace/DAW_A01207765/Training/util.php:125
[23-Mar-2018 17:38:09 UTC] PHP Warning:  mysqli_fetch_array() expects parameter 1 to be mysqli_result, boolean given in /home/ubuntu/workspace/DAW_A01207765/Training/util.php on line 92
[23-Mar-2018 17:38:09 UTC] PHP Stack trace:
[23-Mar-2018 17:38:09 UTC] PHP   1. {main}() /home/ubuntu/workspace/DAW_A01207765/Training/estado.php:0
[23-Mar-2018 17:38:09 UTC] PHP   2. totalEstado() /home/ubuntu/workspace/DAW_A01207765/Training/estado.php:4
[23-Mar-2018 17:38:09 UTC] PHP   3. mysqli_fetch_array() /home/ubuntu/workspace/DAW_A01207765/Training/util.php:92
[23-Mar-2018 17:43:31 UTC] PHP Warning:  mysqli_num_rows() expects parameter 1 to be mysqli_result, boolean given in /home/ubuntu/workspace/DAW_A01207765/Training/util.php on line 111
[23-Mar-2018 17:43:31 UTC] PHP Stack trace:
[23-Mar-2018 17:43:31 UTC] PHP   1. {main}() /home/ubuntu/workspace/DAW_A01207765/Training/estado.php:0
[23-Mar-2018 17:43:31 UTC] PHP   2. getZombiesEstado() /home/ubuntu/workspace/DAW_A01207765/Training/estado.php:3
[23-Mar-2018 17:43:31 UTC] PHP   3. mysqli_num_rows() /home/ubuntu/workspace/DAW_A01207765/Training/util.php:111
[23-Mar-2018 17:43:31 UTC] PHP Warning:  mysqli_free_result() expects parameter 1 to be mysqli_result, boolean given in /home/ubuntu/workspace/DAW_A01207765/Training/util.php on line 125
[23-Mar-2018 17:43:31 UTC] PHP Stack trace:
[23-Mar-2018 17:43:31 UTC] PHP   1. {main}() /home/ubuntu/workspace/DAW_A01207765/Training/estado.php:0
[23-Mar-2018 17:43:31 UTC] PHP   2. getZombiesEstado() /home/ubuntu/workspace/DAW_A01207765/Training/estado.php:3
[23-Mar-2018 17:43:31 UTC] PHP   3. mysqli_free_result() /home/ubuntu/workspace/DAW_A01207765/Training/util.php:125
[23-Mar-2018 17:43:31 UTC] PHP Warning:  mysqli_fetch_array() expects parameter 1 to be mysqli_result, boolean given in /home/ubuntu/workspace/DAW_A01207765/Training/util.php on line 92
[23-Mar-2018 17:43:31 UTC] PHP Stack trace:
[23-Mar-2018 17:43:31 UTC] PHP   1. {main}() /home/ubuntu/workspace/DAW_A01207765/Training/estado.php:0
[23-Mar-2018 17:43:31 UTC] PHP   2. totalEstado() /home/ubuntu/workspace/DAW_A01207765/Training/estado.php:4
[23-Mar-2018 17:43:31 UTC] PHP   3. mysqli_fetch_array() /home/ubuntu/workspace/DAW_A01207765/Training/util.php:92
[23-Mar-2018 17:46:13 UTC] PHP Warning:  mysqli_num_rows() expects parameter 1 to be mysqli_result, boolean given in /home/ubuntu/workspace/DAW_A01207765/Training/util.php on line 137
[23-Mar-2018 17:46:13 UTC] PHP Stack trace:
[23-Mar-2018 17:46:13 UTC] PHP   1. {main}() /home/ubuntu/workspace/DAW_A01207765/Training/estado.php:0
[23-Mar-2018 17:46:13 UTC] PHP   2. getZombiesEstado() /home/ubuntu/workspace/DAW_A01207765/Training/estado.php:3
[23-Mar-2018 17:46:13 UTC] PHP   3. mysqli_num_rows() /home/ubuntu/workspace/DAW_A01207765/Training/util.php:137
[23-Mar-2018 17:46:13 UTC] PHP Warning:  mysqli_free_result() expects parameter 1 to be mysqli_result, boolean given in /home/ubuntu/workspace/DAW_A01207765/Training/util.php on line 150
[23-Mar-2018 17:46:13 UTC] PHP Stack trace:
[23-Mar-2018 17:46:13 UTC] PHP   1. {main}() /home/ubuntu/workspace/DAW_A01207765/Training/estado.php:0
[23-Mar-2018 17:46:13 UTC] PHP   2. getZombiesEstado() /home/ubuntu/workspace/DAW_A01207765/Training/estado.php:3
[23-Mar-2018 17:46:13 UTC] PHP   3. mysqli_free_result() /home/ubuntu/workspace/DAW_A01207765/Training/util.php:150
[23-Mar-2018 17:46:13 UTC] PHP Warning:  mysqli_fetch_array() expects parameter 1 to be mysqli_result, boolean given in /home/ubuntu/workspace/DAW_A01207765/Training/util.php on line 92
[23-Mar-2018 17:46:13 UTC] PHP Stack trace:
[23-Mar-2018 17:46:13 UTC] PHP   1. {main}() /home/ubuntu/workspace/DAW_A01207765/Training/estado.php:0
[23-Mar-2018 17:46:13 UTC] PHP   2. totalEstado() /home/ubuntu/workspace/DAW_A01207765/Training/estado.php:4
[23-Mar-2018 17:46:13 UTC] PHP   3. mysqli_fetch_array() /home/ubuntu/workspace/DAW_A01207765/Training/util.php:92
[23-Mar-2018 17:50:44 UTC] PHP Warning:  mysqli_num_rows() expects parameter 1 to be mysqli_result, boolean given in /home/ubuntu/workspace/DAW_A01207765/Training/util.php on line 137
[23-Mar-2018 17:50:44 UTC] PHP Stack trace:
[23-Mar-2018 17:50:44 UTC] PHP   1. {main}() /home/ubuntu/workspace/DAW_A01207765/Training/estado.php:0
[23-Mar-2018 17:50:44 UTC] PHP   2. getZombiesEstado() /home/ubuntu/workspace/DAW_A01207765/Training/estado.php:3
[23-Mar-2018 17:50:44 UTC] PHP   3. mysqli_num_rows() /home/ubuntu/workspace/DAW_A01207765/Training/util.php:137
[23-Mar-2018 17:50:44 UTC] PHP Warning:  mysqli_free_result() expects parameter 1 to be mysqli_result, boolean given in /home/ubuntu/workspace/DAW_A01207765/Training/util.php on line 150
[23-Mar-2018 17:50:44 UTC] PHP Stack trace:
[23-Mar-2018 17:50:44 UTC] PHP   1. {main}() /home/ubuntu/workspace/DAW_A01207765/Training/estado.php:0
[23-Mar-2018 17:50:44 UTC] PHP   2. getZombiesEstado() /home/ubuntu/workspace/DAW_A01207765/Training/estado.php:3
[23-Mar-2018 17:50:44 UTC] PHP   3. mysqli_free_result() /home/ubuntu/workspace/DAW_A01207765/Training/util.php:150
[23-Mar-2018 17:50:44 UTC] PHP Warning:  mysqli_fetch_array() expects parameter 1 to be mysqli_result, boolean given in /home/ubuntu/workspace/DAW_A01207765/Training/util.php on line 92
[23-Mar-2018 17:50:44 UTC] PHP Stack trace:
[23-Mar-2018 17:50:44 UTC] PHP   1. {main}() /home/ubuntu/workspace/DAW_A01207765/Training/estado.php:0
[23-Mar-2018 17:50:44 UTC] PHP   2. totalEstado() /home/ubuntu/workspace/DAW_A01207765/Training/estado.php:4
[23-Mar-2018 17:50:44 UTC] PHP   3. mysqli_fetch_array() /home/ubuntu/workspace/DAW_A01207765/Training/util.php:92
[23-Mar-2018 17:50:47 UTC] PHP Warning:  mysqli_num_rows() expects parameter 1 to be mysqli_result, boolean given in /home/ubuntu/workspace/DAW_A01207765/Training/util.php on line 137
[23-Mar-2018 17:50:47 UTC] PHP Stack trace:
[23-Mar-2018 17:50:47 UTC] PHP   1. {main}() /home/ubuntu/workspace/DAW_A01207765/Training/estado.php:0
[23-Mar-2018 17:50:47 UTC] PHP   2. getZombiesEstado() /home/ubuntu/workspace/DAW_A01207765/Training/estado.php:3
[23-Mar-2018 17:50:47 UTC] PHP   3. mysqli_num_rows() /home/ubuntu/workspace/DAW_A01207765/Training/util.php:137
[23-Mar-2018 17:50:47 UTC] PHP Warning:  mysqli_free_result() expects parameter 1 to be mysqli_result, boolean given in /home/ubuntu/workspace/DAW_A01207765/Training/util.php on line 150
[23-Mar-2018 17:50:47 UTC] PHP Stack trace:
[23-Mar-2018 17:50:47 UTC] PHP   1. {main}() /home/ubuntu/workspace/DAW_A01207765/Training/estado.php:0
[23-Mar-2018 17:50:47 UTC] PHP   2. getZombiesEstado() /home/ubuntu/workspace/DAW_A01207765/Training/estado.php:3
[23-Mar-2018 17:50:47 UTC] PHP   3. mysqli_free_result() /home/ubuntu/workspace/DAW_A01207765/Training/util.php:150
[23-Mar-2018 17:50:47 UTC] PHP Warning:  mysqli_fetch_array() expects parameter 1 to be mysqli_result, boolean given in /home/ubuntu/workspace/DAW_A01207765/Training/util.php on line 92
[23-Mar-2018 17:50:47 UTC] PHP Stack trace:
[23-Mar-2018 17:50:47 UTC] PHP   1. {main}() /home/ubuntu/workspace/DAW_A01207765/Training/estado.php:0
[23-Mar-2018 17:50:47 UTC] PHP   2. totalEstado() /home/ubuntu/workspace/DAW_A01207765/Training/estado.php:4
[23-Mar-2018 17:50:47 UTC] PHP   3. mysqli_fetch_array() /home/ubuntu/workspace/DAW_A01207765/Training/util.php:92
[23-Mar-2018 17:50:50 UTC] PHP Warning:  mysqli_num_rows() expects parameter 1 to be mysqli_result, boolean given in /home/ubuntu/workspace/DAW_A01207765/Training/util.php on line 137
[23-Mar-2018 17:50:50 UTC] PHP Stack trace:
[23-Mar-2018 17:50:50 UTC] PHP   1. {main}() /home/ubuntu/workspace/DAW_A01207765/Training/estado.php:0
[23-Mar-2018 17:50:50 UTC] PHP   2. getZombiesEstado() /home/ubuntu/workspace/DAW_A01207765/Training/estado.php:3
[23-Mar-2018 17:50:50 UTC] PHP   3. mysqli_num_rows() /home/ubuntu/workspace/DAW_A01207765/Training/util.php:137
[23-Mar-2018 17:50:50 UTC] PHP Warning:  mysqli_free_result() expects parameter 1 to be mysqli_result, boolean given in /home/ubuntu/workspace/DAW_A01207765/Training/util.php on line 150
[23-Mar-2018 17:50:50 UTC] PHP Stack trace:
[23-Mar-2018 17:50:50 UTC] PHP   1. {main}() /home/ubuntu/workspace/DAW_A01207765/Training/estado.php:0
[23-Mar-2018 17:50:50 UTC] PHP   2. getZombiesEstado() /home/ubuntu/workspace/DAW_A01207765/Training/estado.php:3
[23-Mar-2018 17:50:50 UTC] PHP   3. mysqli_free_result() /home/ubuntu/workspace/DAW_A01207765/Training/util.php:150
[23-Mar-2018 17:50:50 UTC] PHP Warning:  mysqli_fetch_array() expects parameter 1 to be mysqli_result, boolean given in /home/ubuntu/workspace/DAW_A01207765/Training/util.php on line 92
[23-Mar-2018 17:50:50 UTC] PHP Stack trace:
[23-Mar-2018 17:50:50 UTC] PHP   1. {main}() /home/ubuntu/workspace/DAW_A01207765/Training/estado.php:0
[23-Mar-2018 17:50:50 UTC] PHP   2. totalEstado() /home/ubuntu/workspace/DAW_A01207765/Training/estado.php:4
[23-Mar-2018 17:50:50 UTC] PHP   3. mysqli_fetch_array() /home/ubuntu/workspace/DAW_A01207765/Training/util.php:92
[23-Mar-2018 17:50:54 UTC] PHP Warning:  mysqli_num_rows() expects parameter 1 to be mysqli_result, boolean given in /home/ubuntu/workspace/DAW_A01207765/Training/util.php on line 137
[23-Mar-2018 17:50:54 UTC] PHP Stack trace:
[23-Mar-2018 17:50:54 UTC] PHP   1. {main}() /home/ubuntu/workspace/DAW_A01207765/Training/estado.php:0
[23-Mar-2018 17:50:54 UTC] PHP   2. getZombiesEstado() /home/ubuntu/workspace/DAW_A01207765/Training/estado.php:3
[23-Mar-2018 17:50:54 UTC] PHP   3. mysqli_num_rows() /home/ubuntu/workspace/DAW_A01207765/Training/util.php:137
[23-Mar-2018 17:50:54 UTC] PHP Warning:  mysqli_free_result() expects parameter 1 to be mysqli_result, boolean given in /home/ubuntu/workspace/DAW_A01207765/Training/util.php on line 150
[23-Mar-2018 17:50:54 UTC] PHP Stack trace:
[23-Mar-2018 17:50:54 UTC] PHP   1. {main}() /home/ubuntu/workspace/DAW_A01207765/Training/estado.php:0
[23-Mar-2018 17:50:54 UTC] PHP   2. getZombiesEstado() /home/ubuntu/workspace/DAW_A01207765/Training/estado.php:3
[23-Mar-2018 17:50:54 UTC] PHP   3. mysqli_free_result() /home/ubuntu/workspace/DAW_A01207765/Training/util.php:150
[23-Mar-2018 17:50:54 UTC] PHP Warning:  mysqli_fetch_array() expects parameter 1 to be mysqli_result, boolean given in /home/ubuntu/workspace/DAW_A01207765/Training/util.php on line 92
[23-Mar-2018 17:50:54 UTC] PHP Stack trace:
[23-Mar-2018 17:50:54 UTC] PHP   1. {main}() /home/ubuntu/workspace/DAW_A01207765/Training/estado.php:0
[23-Mar-2018 17:50:54 UTC] PHP   2. totalEstado() /home/ubuntu/workspace/DAW_A01207765/Training/estado.php:4
[23-Mar-2018 17:50:54 UTC] PHP   3. mysqli_fetch_array() /home/ubuntu/workspace/DAW_A01207765/Training/util.php:92
[23-Mar-2018 17:51:18 UTC] PHP Warning:  mysqli_fetch_array() expects parameter 1 to be mysqli_result, boolean given in /home/ubuntu/workspace/DAW_A01207765/Training/util.php on line 158
[23-Mar-2018 17:51:18 UTC] PHP Stack trace:
[23-Mar-2018 17:51:18 UTC] PHP   1. {main}() /home/ubuntu/workspace/DAW_A01207765/Training/add.php:0
[23-Mar-2018 17:51:18 UTC] PHP   2. getById() /home/ubuntu/workspace/DAW_A01207765/Training/add.php:4
[23-Mar-2018 17:51:18 UTC] PHP   3. mysqli_fetch_array() /home/ubuntu/workspace/DAW_A01207765/Training/util.php:158
[23-Mar-2018 17:51:47 UTC] PHP Fatal error:  Call to a member function prepare() on a non-object in /home/ubuntu/workspace/DAW_A01207765/Training/util.php on line 35
[23-Mar-2018 17:51:47 UTC] PHP Stack trace:
[23-Mar-2018 17:51:47 UTC] PHP   1. {main}() /home/ubuntu/workspace/DAW_A01207765/Training/guardar_estado.php:0
[23-Mar-2018 17:51:47 UTC] PHP   2. editarEstadoZombie() /home/ubuntu/workspace/DAW_A01207765/Training/guardar_estado.php:5
[23-Mar-2018 17:52:49 UTC] PHP Warning:  mysqli_fetch_array() expects parameter 1 to be mysqli_result, boolean given in /home/ubuntu/workspace/DAW_A01207765/Training/util.php on line 158
[23-Mar-2018 17:52:49 UTC] PHP Stack trace:
[23-Mar-2018 17:52:49 UTC] PHP   1. {main}() /home/ubuntu/workspace/DAW_A01207765/Training/add.php:0
[23-Mar-2018 17:52:49 UTC] PHP   2. getById() /home/ubuntu/workspace/DAW_A01207765/Training/add.php:4
[23-Mar-2018 17:52:49 UTC] PHP   3. mysqli_fetch_array() /home/ubuntu/workspace/DAW_A01207765/Training/util.php:158
[23-Mar-2018 17:55:41 UTC] PHP Warning:  mysqli_num_rows() expects parameter 1 to be mysqli_result, boolean given in /home/ubuntu/workspace/DAW_A01207765/Training/util.php on line 112
[23-Mar-2018 17:55:41 UTC] PHP Stack trace:
[23-Mar-2018 17:55:41 UTC] PHP   1. {main}() /home/ubuntu/workspace/DAW_A01207765/Training/estado.php:0
[23-Mar-2018 17:55:41 UTC] PHP   2. getZombiesEstado() /home/ubuntu/workspace/DAW_A01207765/Training/estado.php:3
[23-Mar-2018 17:55:41 UTC] PHP   3. mysqli_num_rows() /home/ubuntu/workspace/DAW_A01207765/Training/util.php:112
[23-Mar-2018 17:55:41 UTC] PHP Warning:  mysqli_free_result() expects parameter 1 to be mysqli_result, boolean given in /home/ubuntu/workspace/DAW_A01207765/Training/util.php on line 126
[23-Mar-2018 17:55:41 UTC] PHP Stack trace:
[23-Mar-2018 17:55:41 UTC] PHP   1. {main}() /home/ubuntu/workspace/DAW_A01207765/Training/estado.php:0
[23-Mar-2018 17:55:41 UTC] PHP   2. getZombiesEstado() /home/ubuntu/workspace/DAW_A01207765/Training/estado.php:3
[23-Mar-2018 17:55:41 UTC] PHP   3. mysqli_free_result() /home/ubuntu/workspace/DAW_A01207765/Training/util.php:126
[23-Mar-2018 17:55:41 UTC] PHP Warning:  mysqli_fetch_array() expects parameter 1 to be mysqli_result, boolean given in /home/ubuntu/workspace/DAW_A01207765/Training/util.php on line 92
[23-Mar-2018 17:55:41 UTC] PHP Stack trace:
[23-Mar-2018 17:55:41 UTC] PHP   1. {main}() /home/ubuntu/workspace/DAW_A01207765/Training/estado.php:0
[23-Mar-2018 17:55:41 UTC] PHP   2. totalEstado() /home/ubuntu/workspace/DAW_A01207765/Training/estado.php:4
[23-Mar-2018 17:55:41 UTC] PHP   3. mysqli_fetch_array() /home/ubuntu/workspace/DAW_A01207765/Training/util.php:92
[23-Mar-2018 18:00:25 UTC] PHP Warning:  mysqli_num_rows() expects parameter 1 to be mysqli_result, boolean given in /home/ubuntu/workspace/DAW_A01207765/Training/util.php on line 112
[23-Mar-2018 18:00:25 UTC] PHP Stack trace:
[23-Mar-2018 18:00:25 UTC] PHP   1. {main}() /home/ubuntu/workspace/DAW_A01207765/Training/estado.php:0
[23-Mar-2018 18:00:25 UTC] PHP   2. getZombiesEstado() /home/ubuntu/workspace/DAW_A01207765/Training/estado.php:3
[23-Mar-2018 18:00:25 UTC] PHP   3. mysqli_num_rows() /home/ubuntu/workspace/DAW_A01207765/Training/util.php:112
[23-Mar-2018 18:00:25 UTC] PHP Warning:  mysqli_free_result() expects parameter 1 to be mysqli_result, boolean given in /home/ubuntu/workspace/DAW_A01207765/Training/util.php on line 126
[23-Mar-2018 18:00:25 UTC] PHP Stack trace:
[23-Mar-2018 18:00:25 UTC] PHP   1. {main}() /home/ubuntu/workspace/DAW_A01207765/Training/estado.php:0
[23-Mar-2018 18:00:25 UTC] PHP   2. getZombiesEstado() /home/ubuntu/workspace/DAW_A01207765/Training/estado.php:3
[23-Mar-2018 18:00:25 UTC] PHP   3. mysqli_free_result() /home/ubuntu/workspace/DAW_A01207765/Training/util.php:126
[23-Mar-2018 18:00:25 UTC] PHP Warning:  mysqli_fetch_array() expects parameter 1 to be mysqli_result, boolean given in /home/ubuntu/workspace/DAW_A01207765/Training/util.php on line 92
[23-Mar-2018 18:00:25 UTC] PHP Stack trace:
[23-Mar-2018 18:00:25 UTC] PHP   1. {main}() /home/ubuntu/workspace/DAW_A01207765/Training/estado.php:0
[23-Mar-2018 18:00:25 UTC] PHP   2. totalEstado() /home/ubuntu/workspace/DAW_A01207765/Training/estado.php:4
[23-Mar-2018 18:00:25 UTC] PHP   3. mysqli_fetch_array() /home/ubuntu/workspace/DAW_A01207765/Training/util.php:92
[23-Mar-2018 18:10:08 UTC] PHP Warning:  mysqli_num_rows() expects parameter 1 to be mysqli_result, boolean given in /home/ubuntu/workspace/DAW_A01207765/Training/util.php on line 112
[23-Mar-2018 18:10:08 UTC] PHP Stack trace:
[23-Mar-2018 18:10:08 UTC] PHP   1. {main}() /home/ubuntu/workspace/DAW_A01207765/Training/estado.php:0
[23-Mar-2018 18:10:08 UTC] PHP   2. getZombiesEstado() /home/ubuntu/workspace/DAW_A01207765/Training/estado.php:3
[23-Mar-2018 18:10:08 UTC] PHP   3. mysqli_num_rows() /home/ubuntu/workspace/DAW_A01207765/Training/util.php:112
[23-Mar-2018 18:10:08 UTC] PHP Warning:  mysqli_free_result() expects parameter 1 to be mysqli_result, boolean given in /home/ubuntu/workspace/DAW_A01207765/Training/util.php on line 126
[23-Mar-2018 18:10:08 UTC] PHP Stack trace:
[23-Mar-2018 18:10:08 UTC] PHP   1. {main}() /home/ubuntu/workspace/DAW_A01207765/Training/estado.php:0
[23-Mar-2018 18:10:08 UTC] PHP   2. getZombiesEstado() /home/ubuntu/workspace/DAW_A01207765/Training/estado.php:3
[23-Mar-2018 18:10:08 UTC] PHP   3. mysqli_free_result() /home/ubuntu/workspace/DAW_A01207765/Training/util.php:126
[23-Mar-2018 18:10:08 UTC] PHP Warning:  mysqli_fetch_array() expects parameter 1 to be mysqli_result, boolean given in /home/ubuntu/workspace/DAW_A01207765/Training/util.php on line 92
[23-Mar-2018 18:10:08 UTC] PHP Stack trace:
[23-Mar-2018 18:10:08 UTC] PHP   1. {main}() /home/ubuntu/workspace/DAW_A01207765/Training/estado.php:0
[23-Mar-2018 18:10:08 UTC] PHP   2. totalEstado() /home/ubuntu/workspace/DAW_A01207765/Training/estado.php:4
[23-Mar-2018 18:10:08 UTC] PHP   3. mysqli_fetch_array() /home/ubuntu/workspace/DAW_A01207765/Training/util.php:92
[23-Mar-2018 18:11:32 UTC] PHP Warning:  mysqli_fetch_array() expects parameter 1 to be mysqli_result, boolean given in /home/ubuntu/workspace/DAW_A01207765/Training/util.php on line 92
[23-Mar-2018 18:11:32 UTC] PHP Stack trace:
[23-Mar-2018 18:11:32 UTC] PHP   1. {main}() /home/ubuntu/workspace/DAW_A01207765/Training/estado.php:0
[23-Mar-2018 18:11:32 UTC] PHP   2. totalEstado() /home/ubuntu/workspace/DAW_A01207765/Training/estado.php:4
[23-Mar-2018 18:11:32 UTC] PHP   3. mysqli_fetch_array() /home/ubuntu/workspace/DAW_A01207765/Training/util.php:92
[23-Mar-2018 18:11:51 UTC] PHP Warning:  mysqli_fetch_array() expects parameter 1 to be mysqli_result, boolean given in /home/ubuntu/workspace/DAW_A01207765/Training/util.php on line 92
[23-Mar-2018 18:11:51 UTC] PHP Stack trace:
[23-Mar-2018 18:11:51 UTC] PHP   1. {main}() /home/ubuntu/workspace/DAW_A01207765/Training/estado.php:0
[23-Mar-2018 18:11:51 UTC] PHP   2. totalEstado() /home/ubuntu/workspace/DAW_A01207765/Training/estado.php:4
[23-Mar-2018 18:11:51 UTC] PHP   3. mysqli_fetch_array() /home/ubuntu/workspace/DAW_A01207765/Training/util.php:92
[23-Mar-2018 18:13:26 UTC] PHP Fatal error:  Call to a member function prepare() on a non-object in /home/ubuntu/workspace/DAW_A01207765/Training/util.php on line 35
[23-Mar-2018 18:13:26 UTC] PHP Stack trace:
[23-Mar-2018 18:13:26 UTC] PHP   1. {main}() /home/ubuntu/workspace/DAW_A01207765/Training/guardar_estado.php:0
[23-Mar-2018 18:13:26 UTC] PHP   2. editarEstadoZombie() /home/ubuntu/workspace/DAW_A01207765/Training/guardar_estado.php:5
[23-Mar-2018 18:15:07 UTC] PHP Warning:  mysqli_affected_rows() expects parameter 1 to be mysqli, null given in /home/ubuntu/workspace/DAW_A01207765/Training/util.php on line 44
[23-Mar-2018 18:15:07 UTC] PHP Stack trace:
[23-Mar-2018 18:15:07 UTC] PHP   1. {main}() /home/ubuntu/workspace/DAW_A01207765/Training/guardar_estado.php:0
[23-Mar-2018 18:15:07 UTC] PHP   2. editarEstadoZombie() /home/ubuntu/workspace/DAW_A01207765/Training/guardar_estado.php:5
[23-Mar-2018 18:15:07 UTC] PHP   3. mysqli_affected_rows() /home/ubuntu/workspace/DAW_A01207765/Training/util.php:44
[23-Mar-2018 18:15:38 UTC] PHP Warning:  mysqli_affected_rows() expects parameter 1 to be mysqli, null given in /home/ubuntu/workspace/DAW_A01207765/Training/util.php on line 44
[23-Mar-2018 18:15:38 UTC] PHP Stack trace:
[23-Mar-2018 18:15:38 UTC] PHP   1. {main}() /home/ubuntu/workspace/DAW_A01207765/Training/guardar_estado.php:0
[23-Mar-2018 18:15:38 UTC] PHP   2. editarEstadoZombie() /home/ubuntu/workspace/DAW_A01207765/Training/guardar_estado.php:5
[23-Mar-2018 18:15:38 UTC] PHP   3. mysqli_affected_rows() /home/ubuntu/workspace/DAW_A01207765/Training/util.php:44
[23-Mar-2018 18:41:55 UTC] PHP Parse error:  syntax error, unexpected 'cion' (T_STRING) in /home/ubuntu/workspace/DAW_A01207765/Training/total_zombies.php on line 6
[23-Mar-2018 18:42:08 UTC] PHP Parse error:  syntax error, unexpected 'cion' (T_STRING) in /home/ubuntu/workspace/DAW_A01207765/Training/total_zombies.php on line 6
[23-Mar-2018 18:53:03 UTC] PHP Parse error:  syntax error, unexpected 'include' (T_INCLUDE) in /home/ubuntu/workspace/DAW_A01207765/Training/estado_zombies.php on line 6
[23-Mar-2018 19:38:29 UTC] PHP Warning:  include(partial/_head.html): failed to open stream: No such file or directory in /home/ubuntu/workspace/DAW_A01207765/Examen_Parcial_2/ver_registros.php on line 3
[23-Mar-2018 19:38:29 UTC] PHP Stack trace:
[23-Mar-2018 19:38:29 UTC] PHP   1. {main}() /home/ubuntu/workspace/DAW_A01207765/Examen_Parcial_2/ver_registros.php:0
[23-Mar-2018 19:38:29 UTC] PHP Warning:  include(): Failed opening 'partial/_head.html' for inclusion (include_path='.:/usr/share/php:/usr/share/pear') in /home/ubuntu/workspace/DAW_A01207765/Examen_Parcial_2/ver_registros.php on line 3
[23-Mar-2018 19:38:29 UTC] PHP Stack trace:
[23-Mar-2018 19:38:29 UTC] PHP   1. {main}() /home/ubuntu/workspace/DAW_A01207765/Examen_Parcial_2/ver_registros.php:0
[23-Mar-2018 19:38:29 UTC] PHP Warning:  mysqli_num_rows() expects parameter 1 to be mysqli_result, boolean given in /home/ubuntu/workspace/DAW_A01207765/Examen_Parcial_2/util.php on line 40
[23-Mar-2018 19:38:29 UTC] PHP Stack trace:
[23-Mar-2018 19:38:29 UTC] PHP   1. {main}() /home/ubuntu/workspace/DAW_A01207765/Examen_Parcial_2/ver_registros.php:0
[23-Mar-2018 19:38:29 UTC] PHP   2. getSesiones() /home/ubuntu/workspace/DAW_A01207765/Examen_Parcial_2/ver_registros.php:5
[23-Mar-2018 19:38:29 UTC] PHP   3. mysqli_num_rows() /home/ubuntu/workspace/DAW_A01207765/Examen_Parcial_2/util.php:40
[23-Mar-2018 19:38:29 UTC] PHP Warning:  mysqli_free_result() expects parameter 1 to be mysqli_result, boolean given in /home/ubuntu/workspace/DAW_A01207765/Examen_Parcial_2/util.php on line 51
[23-Mar-2018 19:38:29 UTC] PHP Stack trace:
[23-Mar-2018 19:38:29 UTC] PHP   1. {main}() /home/ubuntu/workspace/DAW_A01207765/Examen_Parcial_2/ver_registros.php:0
[23-Mar-2018 19:38:29 UTC] PHP   2. getSesiones() /home/ubuntu/workspace/DAW_A01207765/Examen_Parcial_2/ver_registros.php:5
[23-Mar-2018 19:38:29 UTC] PHP   3. mysqli_free_result() /home/ubuntu/workspace/DAW_A01207765/Examen_Parcial_2/util.php:51
[23-Mar-2018 19:38:29 UTC] PHP Warning:  include(partial/_footer.html): failed to open stream: No such file or directory in /home/ubuntu/workspace/DAW_A01207765/Examen_Parcial_2/ver_registros.php on line 6
[23-Mar-2018 19:38:29 UTC] PHP Stack trace:
[23-Mar-2018 19:38:29 UTC] PHP   1. {main}() /home/ubuntu/workspace/DAW_A01207765/Examen_Parcial_2/ver_registros.php:0
[23-Mar-2018 19:38:29 UTC] PHP Warning:  include(): Failed opening 'partial/_footer.html' for inclusion (include_path='.:/usr/share/php:/usr/share/pear') in /home/ubuntu/workspace/DAW_A01207765/Examen_Parcial_2/ver_registros.php on line 6
[23-Mar-2018 19:38:29 UTC] PHP Stack trace:
[23-Mar-2018 19:38:29 UTC] PHP   1. {main}() /home/ubuntu/workspace/DAW_A01207765/Examen_Parcial_2/ver_registros.php:0
[23-Mar-2018 19:38:52 UTC] PHP Warning:  mysqli_num_rows() expects parameter 1 to be mysqli_result, boolean given in /home/ubuntu/workspace/DAW_A01207765/Examen_Parcial_2/util.php on line 40
[23-Mar-2018 19:38:52 UTC] PHP Stack trace:
[23-Mar-2018 19:38:52 UTC] PHP   1. {main}() /home/ubuntu/workspace/DAW_A01207765/Examen_Parcial_2/ver_registros.php:0
[23-Mar-2018 19:38:52 UTC] PHP   2. getSesiones() /home/ubuntu/workspace/DAW_A01207765/Examen_Parcial_2/ver_registros.php:5
[23-Mar-2018 19:38:52 UTC] PHP   3. mysqli_num_rows() /home/ubuntu/workspace/DAW_A01207765/Examen_Parcial_2/util.php:40
[23-Mar-2018 19:38:52 UTC] PHP Warning:  mysqli_free_result() expects parameter 1 to be mysqli_result, boolean given in /home/ubuntu/workspace/DAW_A01207765/Examen_Parcial_2/util.php on line 51
[23-Mar-2018 19:38:52 UTC] PHP Stack trace:
[23-Mar-2018 19:38:52 UTC] PHP   1. {main}() /home/ubuntu/workspace/DAW_A01207765/Examen_Parcial_2/ver_registros.php:0
[23-Mar-2018 19:38:52 UTC] PHP   2. getSesiones() /home/ubuntu/workspace/DAW_A01207765/Examen_Parcial_2/ver_registros.php:5
[23-Mar-2018 19:38:52 UTC] PHP   3. mysqli_free_result() /home/ubuntu/workspace/DAW_A01207765/Examen_Parcial_2/util.php:51
[23-Mar-2018 20:02:43 UTC] PHP Parse error:  syntax error, unexpected ')' in /home/ubuntu/workspace/DAW_A01207765/Examen_Parcial_2/registrar_sesion.php on line 5
[23-Mar-2018 20:03:22 UTC] PHP Parse error:  syntax error, unexpected ')' in /home/ubuntu/workspace/DAW_A01207765/Examen_Parcial_2/registrar_sesion.php on line 5
[23-Mar-2018 20:05:26 UTC] PHP Parse error:  syntax error, unexpected '$_POST' (T_VARIABLE), expecting '(' in /home/ubuntu/workspace/DAW_A01207765/Examen_Parcial_2/registrar_sesion.php on line 5
[23-Mar-2018 20:11:11 UTC] PHP Parse error:  syntax error, unexpected '$_POST' (T_VARIABLE), expecting '(' in /home/ubuntu/workspace/DAW_A01207765/Examen_Parcial_2/registrar_sesion.php on line 5
[23-Mar-2018 20:11:41 UTC] PHP Parse error:  syntax error, unexpected '$_POST' (T_VARIABLE), expecting '(' in /home/ubuntu/workspace/DAW_A01207765/Examen_Parcial_2/registrar_sesion.php on line 5
[23-Mar-2018 20:17:43 UTC] PHP Fatal error:  Cannot use isset() on the result of an expression (you can use "null !== expression" instead) in /home/ubuntu/workspace/DAW_A01207765/Examen_Parcial_2/registrar_sesion.php on line 5
[23-Mar-2018 20:27:43 UTC] PHP Parse error:  syntax error, unexpected '{', expecting '(' in /home/ubuntu/workspace/DAW_A01207765/Examen_Parcial_2/util.php on line 58
[23-Mar-2018 20:27:43 UTC] PHP Stack trace:
[23-Mar-2018 20:27:43 UTC] PHP   1. {main}() /home/ubuntu/workspace/DAW_A01207765/Examen_Parcial_2/index.php:0
[23-Mar-2018 20:27:45 UTC] PHP Parse error:  syntax error, unexpected '{', expecting '(' in /home/ubuntu/workspace/DAW_A01207765/Examen_Parcial_2/util.php on line 58
[23-Mar-2018 20:27:45 UTC] PHP Stack trace:
[23-Mar-2018 20:27:45 UTC] PHP   1. {main}() /home/ubuntu/workspace/DAW_A01207765/Examen_Parcial_2/ver_registros.php:0
[23-Mar-2018 20:27:49 UTC] PHP Parse error:  syntax error, unexpected '{', expecting '(' in /home/ubuntu/workspace/DAW_A01207765/Examen_Parcial_2/util.php on line 58
[23-Mar-2018 20:27:49 UTC] PHP Stack trace:
[23-Mar-2018 20:27:49 UTC] PHP   1. {main}() /home/ubuntu/workspace/DAW_A01207765/Examen_Parcial_2/ver_registros.php:0
[23-Mar-2018 20:28:49 UTC] PHP Parse error:  syntax error, unexpected '=' in /home/ubuntu/workspace/DAW_A01207765/Examen_Parcial_2/registrar_sesion.php on line 6
[23-Mar-2018 20:29:14 UTC] PHP Parse error:  syntax error, unexpected '=' in /home/ubuntu/workspace/DAW_A01207765/Examen_Parcial_2/registrar_sesion.php on line 6
[23-Mar-2018 20:34:53 UTC] PHP Parse error:  syntax error, unexpected end of file in /home/ubuntu/workspace/DAW_A01207765/Examen_Parcial_2/util.php on line 80
[23-Mar-2018 20:34:53 UTC] PHP Stack trace:
[23-Mar-2018 20:34:53 UTC] PHP   1. {main}() /home/ubuntu/workspace/DAW_A01207765/Examen_Parcial_2/ver_system_failures.php:0
[23-Mar-2018 20:35:49 UTC] PHP Warning:  include(partial/_footer.html): failed to open stream: No such file or directory in /home/ubuntu/workspace/DAW_A01207765/Examen_Parcial_2/ver_system_failures.php on line 6
[23-Mar-2018 20:35:49 UTC] PHP Stack trace:
[23-Mar-2018 20:35:49 UTC] PHP   1. {main}() /home/ubuntu/workspace/DAW_A01207765/Examen_Parcial_2/ver_system_failures.php:0
[23-Mar-2018 20:35:49 UTC] PHP Warning:  include(): Failed opening 'partial/_footer.html' for inclusion (include_path='.:/usr/share/php:/usr/share/pear') in /home/ubuntu/workspace/DAW_A01207765/Examen_Parcial_2/ver_system_failures.php on line 6
[23-Mar-2018 20:35:49 UTC] PHP Stack trace:
[23-Mar-2018 20:35:49 UTC] PHP   1. {main}() /home/ubuntu/workspace/DAW_A01207765/Examen_Parcial_2/ver_system_failures.php:0
[23-Mar-2018 20:42:06 UTC] PHP Parse error:  syntax error, unexpected 'echo' (T_ECHO), expecting ',' or ';' in /home/ubuntu/workspace/DAW_A01207765/Examen_Parcial_2/ver_system_failures.php on line 7
[23-Mar-2018 20:49:34 UTC] PHP Parse error:  syntax error, unexpected 'estado' (T_STRING) in /home/ubuntu/workspace/DAW_A01207765/Examen_Parcial_2/util.php on line 79
[23-Mar-2018 20:49:34 UTC] PHP Stack trace:
[23-Mar-2018 20:49:34 UTC] PHP   1. {main}() /home/ubuntu/workspace/DAW_A01207765/Examen_Parcial_2/ver_system_failures.php:0
[23-Mar-2018 20:49:36 UTC] PHP Parse error:  syntax error, unexpected 'estado' (T_STRING) in /home/ubuntu/workspace/DAW_A01207765/Examen_Parcial_2/util.php on line 79
[23-Mar-2018 20:49:36 UTC] PHP Stack trace:
[23-Mar-2018 20:49:36 UTC] PHP   1. {main}() /home/ubuntu/workspace/DAW_A01207765/Examen_Parcial_2/ver_system_failures.php:0
[23-Mar-2018 20:52:27 UTC] PHP Fatal error:  Call to undefined function getNumSucces() in /home/ubuntu/workspace/DAW_A01207765/Examen_Parcial_2/ver_system_failuresSuccess.php on line 9
[23-Mar-2018 20:52:28 UTC] PHP Stack trace:
[23-Mar-2018 20:52:28 UTC] PHP   1. {main}() /home/ubuntu/workspace/DAW_A01207765/Examen_Parcial_2/ver_system_failuresSuccess.php:0
[23-Mar-2018 21:16:21 UTC] PHP Parse error:  syntax error, unexpected 'SYSTEM' (T_STRING) in /home/ubuntu/workspace/DAW_A01207765/Examen_Parcial_2/util.php on line 60
[23-Mar-2018 21:16:21 UTC] PHP Stack trace:
[23-Mar-2018 21:16:21 UTC] PHP   1. {main}() /home/ubuntu/workspace/DAW_A01207765/Examen_Parcial_2/index.php:0
[23-Mar-2018 21:16:22 UTC] PHP Parse error:  syntax error, unexpected 'SYSTEM' (T_STRING) in /home/ubuntu/workspace/DAW_A01207765/Examen_Parcial_2/util.php on line 60
[23-Mar-2018 21:16:22 UTC] PHP Stack trace:
[23-Mar-2018 21:16:22 UTC] PHP   1. {main}() /home/ubuntu/workspace/DAW_A01207765/Examen_Parcial_2/index.php:0
[23-Mar-2018 21:16:33 UTC] PHP Parse error:  syntax error, unexpected 'SYSTEM' (T_STRING) in /home/ubuntu/workspace/DAW_A01207765/Examen_Parcial_2/util.php on line 60
[23-Mar-2018 21:16:33 UTC] PHP Stack trace:
[23-Mar-2018 21:16:33 UTC] PHP   1. {main}() /home/ubuntu/workspace/DAW_A01207765/Examen_Parcial_2/index.php:0
[23-Mar-2018 21:16:33 UTC] PHP Parse error:  syntax error, unexpected 'SYSTEM' (T_STRING) in /home/ubuntu/workspace/DAW_A01207765/Examen_Parcial_2/util.php on line 60
[23-Mar-2018 21:16:33 UTC] PHP Stack trace:
[23-Mar-2018 21:16:33 UTC] PHP   1. {main}() /home/ubuntu/workspace/DAW_A01207765/Examen_Parcial_2/registrar_sesion.php:0
[23-Mar-2018 21:18:50 UTC] PHP Parse error:  syntax error, unexpected 'SYSTEM' (T_STRING) in /home/ubuntu/workspace/DAW_A01207765/Examen_Parcial_2/util.php on line 60
[23-Mar-2018 21:18:50 UTC] PHP Stack trace:
[23-Mar-2018 21:18:50 UTC] PHP   1. {main}() /home/ubuntu/workspace/DAW_A01207765/Examen_Parcial_2/index.php:0
[23-Mar-2018 21:18:50 UTC] PHP Parse error:  syntax error, unexpected 'SYSTEM' (T_STRING) in /home/ubuntu/workspace/DAW_A01207765/Examen_Parcial_2/util.php on line 60
[23-Mar-2018 21:18:50 UTC] PHP Stack trace:
[23-Mar-2018 21:18:50 UTC] PHP   1. {main}() /home/ubuntu/workspace/DAW_A01207765/Examen_Parcial_2/registrar_sesion.php:0
[23-Mar-2018 21:19:25 UTC] PHP Parse error:  syntax error, unexpected 'SYSTEM' (T_STRING) in /home/ubuntu/workspace/DAW_A01207765/Examen_Parcial_2/util.php on line 60
[23-Mar-2018 21:19:25 UTC] PHP Stack trace:
[23-Mar-2018 21:19:25 UTC] PHP   1. {main}() /home/ubuntu/workspace/DAW_A01207765/Examen_Parcial_2/index.php:0
[23-Mar-2018 21:19:29 UTC] PHP Parse error:  syntax error, unexpected 'SYSTEM' (T_STRING) in /home/ubuntu/workspace/DAW_A01207765/Examen_Parcial_2/util.php on line 60
[23-Mar-2018 21:19:29 UTC] PHP Stack trace:
[23-Mar-2018 21:19:29 UTC] PHP   1. {main}() /home/ubuntu/workspace/DAW_A01207765/Examen_Parcial_2/index.php:0
[23-Mar-2018 21:19:52 UTC] PHP Parse error:  syntax error, unexpected 'id' (T_STRING) in /home/ubuntu/workspace/DAW_A01207765/Examen_Parcial_2/util.php on line 79
[23-Mar-2018 21:19:52 UTC] PHP Stack trace:
[23-Mar-2018 21:19:52 UTC] PHP   1. {main}() /home/ubuntu/workspace/DAW_A01207765/Examen_Parcial_2/index.php:0
[23-Mar-2018 21:19:53 UTC] PHP Parse error:  syntax error, unexpected 'id' (T_STRING) in /home/ubuntu/workspace/DAW_A01207765/Examen_Parcial_2/util.php on line 79
[23-Mar-2018 21:19:53 UTC] PHP Stack trace:
[23-Mar-2018 21:19:53 UTC] PHP   1. {main}() /home/ubuntu/workspace/DAW_A01207765/Examen_Parcial_2/index.php:0
[23-Mar-2018 21:19:53 UTC] PHP Parse error:  syntax error, unexpected 'id' (T_STRING) in /home/ubuntu/workspace/DAW_A01207765/Examen_Parcial_2/util.php on line 79
[23-Mar-2018 21:19:53 UTC] PHP Stack trace:
[23-Mar-2018 21:19:53 UTC] PHP   1. {main}() /home/ubuntu/workspace/DAW_A01207765/Examen_Parcial_2/index.php:0
[23-Mar-2018 21:19:53 UTC] PHP Parse error:  syntax error, unexpected 'id' (T_STRING) in /home/ubuntu/workspace/DAW_A01207765/Examen_Parcial_2/util.php on line 79
[23-Mar-2018 21:19:53 UTC] PHP Stack trace:
[23-Mar-2018 21:19:53 UTC] PHP   1. {main}() /home/ubuntu/workspace/DAW_A01207765/Examen_Parcial_2/index.php:0
[23-Mar-2018 21:19:53 UTC] PHP Parse error:  syntax error, unexpected 'id' (T_STRING) in /home/ubuntu/workspace/DAW_A01207765/Examen_Parcial_2/util.php on line 79
[23-Mar-2018 21:19:53 UTC] PHP Stack trace:
[23-Mar-2018 21:19:53 UTC] PHP   1. {main}() /home/ubuntu/workspace/DAW_A01207765/Examen_Parcial_2/index.php:0
[23-Mar-2018 21:19:54 UTC] PHP Parse error:  syntax error, unexpected 'id' (T_STRING) in /home/ubuntu/workspace/DAW_A01207765/Examen_Parcial_2/util.php on line 79
[23-Mar-2018 21:19:54 UTC] PHP Stack trace:
[23-Mar-2018 21:19:54 UTC] PHP   1. {main}() /home/ubuntu/workspace/DAW_A01207765/Examen_Parcial_2/index.php:0
[23-Mar-2018 21:19:54 UTC] PHP Parse error:  syntax error, unexpected 'id' (T_STRING) in /home/ubuntu/workspace/DAW_A01207765/Examen_Parcial_2/util.php on line 79
[23-Mar-2018 21:19:54 UTC] PHP Stack trace:
[23-Mar-2018 21:19:54 UTC] PHP   1. {main}() /home/ubuntu/workspace/DAW_A01207765/Examen_Parcial_2/index.php:0
[23-Mar-2018 21:20:17 UTC] PHP Parse error:  syntax error, unexpected 'id' (T_STRING) in /home/ubuntu/workspace/DAW_A01207765/Examen_Parcial_2/util.php on line 79
[23-Mar-2018 21:20:17 UTC] PHP Stack trace:
[23-Mar-2018 21:20:17 UTC] PHP   1. {main}() /home/ubuntu/workspace/DAW_A01207765/Examen_Parcial_2/index.php:0
[23-Mar-2018 21:20:18 UTC] PHP Parse error:  syntax error, unexpected 'id' (T_STRING) in /home/ubuntu/workspace/DAW_A01207765/Examen_Parcial_2/util.php on line 79
[23-Mar-2018 21:20:18 UTC] PHP Stack trace:
[23-Mar-2018 21:20:18 UTC] PHP   1. {main}() /home/ubuntu/workspace/DAW_A01207765/Examen_Parcial_2/index.php:0
[23-Mar-2018 21:20:18 UTC] PHP Parse error:  syntax error, unexpected 'id' (T_STRING) in /home/ubuntu/workspace/DAW_A01207765/Examen_Parcial_2/util.php on line 79
[23-Mar-2018 21:20:18 UTC] PHP Stack trace:
[23-Mar-2018 21:20:18 UTC] PHP   1. {main}() /home/ubuntu/workspace/DAW_A01207765/Examen_Parcial_2/index.php:0
[23-Mar-2018 21:21:13 UTC] PHP Parse error:  syntax error, unexpected 'SYSTEM' (T_STRING) in /home/ubuntu/workspace/DAW_A01207765/Examen_Parcial_2/util.php on line 79
[23-Mar-2018 21:21:13 UTC] PHP Stack trace:
[23-Mar-2018 21:21:13 UTC] PHP   1. {main}() /home/ubuntu/workspace/DAW_A01207765/Examen_Parcial_2/index.php:0
[23-Mar-2018 21:21:14 UTC] PHP Parse error:  syntax error, unexpected 'SYSTEM' (T_STRING) in /home/ubuntu/workspace/DAW_A01207765/Examen_Parcial_2/util.php on line 79
[23-Mar-2018 21:21:14 UTC] PHP Stack trace:
[23-Mar-2018 21:21:14 UTC] PHP   1. {main}() /home/ubuntu/workspace/DAW_A01207765/Examen_Parcial_2/index.php:0
[23-Mar-2018 21:21:14 UTC] PHP Parse error:  syntax error, unexpected 'SYSTEM' (T_STRING) in /home/ubuntu/workspace/DAW_A01207765/Examen_Parcial_2/util.php on line 79
[23-Mar-2018 21:21:14 UTC] PHP Stack trace:
[23-Mar-2018 21:21:14 UTC] PHP   1. {main}() /home/ubuntu/workspace/DAW_A01207765/Examen_Parcial_2/index.php:0
[23-Mar-2018 21:21:14 UTC] PHP Parse error:  syntax error, unexpected 'SYSTEM' (T_STRING) in /home/ubuntu/workspace/DAW_A01207765/Examen_Parcial_2/util.php on line 79
[23-Mar-2018 21:21:14 UTC] PHP Stack trace:
[23-Mar-2018 21:21:14 UTC] PHP   1. {main}() /home/ubuntu/workspace/DAW_A01207765/Examen_Parcial_2/index.php:0
[23-Mar-2018 21:21:14 UTC] PHP Parse error:  syntax error, unexpected 'SYSTEM' (T_STRING) in /home/ubuntu/workspace/DAW_A01207765/Examen_Parcial_2/util.php on line 79
[23-Mar-2018 21:21:14 UTC] PHP Stack trace:
[23-Mar-2018 21:21:14 UTC] PHP   1. {main}() /home/ubuntu/workspace/DAW_A01207765/Examen_Parcial_2/index.php:0
[23-Mar-2018 21:21:14 UTC] PHP Parse error:  syntax error, unexpected 'SYSTEM' (T_STRING) in /home/ubuntu/workspace/DAW_A01207765/Examen_Parcial_2/util.php on line 79
[23-Mar-2018 21:21:14 UTC] PHP Stack trace:
[23-Mar-2018 21:21:14 UTC] PHP   1. {main}() /home/ubuntu/workspace/DAW_A01207765/Examen_Parcial_2/index.php:0
[23-Mar-2018 21:21:15 UTC] PHP Parse error:  syntax error, unexpected 'SYSTEM' (T_STRING) in /home/ubuntu/workspace/DAW_A01207765/Examen_Parcial_2/util.php on line 79
[23-Mar-2018 21:21:15 UTC] PHP Stack trace:
[23-Mar-2018 21:21:15 UTC] PHP   1. {main}() /home/ubuntu/workspace/DAW_A01207765/Examen_Parcial_2/index.php:0
[23-Mar-2018 21:21:43 UTC] PHP Parse error:  syntax error, unexpected 'SYSTEM' (T_STRING) in /home/ubuntu/workspace/DAW_A01207765/Examen_Parcial_2/util.php on line 79
[23-Mar-2018 21:21:43 UTC] PHP Stack trace:
[23-Mar-2018 21:21:43 UTC] PHP   1. {main}() /home/ubuntu/workspace/DAW_A01207765/Examen_Parcial_2/ver_system_failuresSuccess.php:0
[23-Mar-2018 21:21:45 UTC] PHP Parse error:  syntax error, unexpected 'SYSTEM' (T_STRING) in /home/ubuntu/workspace/DAW_A01207765/Examen_Parcial_2/util.php on line 79
[23-Mar-2018 21:21:45 UTC] PHP Stack trace:
[23-Mar-2018 21:21:45 UTC] PHP   1. {main}() /home/ubuntu/workspace/DAW_A01207765/Examen_Parcial_2/ver_system_failuresSuccess.php:0
[23-Mar-2018 21:45:30 UTC] PHP Parse error:  syntax error, unexpected 'disconnectDB' (T_STRING) in /home/ubuntu/workspace/DAW_A01207765/Examen_Parcial_2/util.php on line 86
[23-Mar-2018 21:45:30 UTC] PHP Stack trace:
[23-Mar-2018 21:45:30 UTC] PHP   1. {main}() /home/ubuntu/workspace/DAW_A01207765/Examen_Parcial_2/ver_system_failuresSuccess.php:0
[23-Mar-2018 21:45:59 UTC] PHP Fatal error:  Call to a member function query() on a non-object in /home/ubuntu/workspace/DAW_A01207765/Examen_Parcial_2/util.php on line 83
[23-Mar-2018 21:45:59 UTC] PHP Stack trace:
[23-Mar-2018 21:45:59 UTC] PHP   1. {main}() /home/ubuntu/workspace/DAW_A01207765/Examen_Parcial_2/ver_system_failuresSuccess.php:0
[23-Mar-2018 21:45:59 UTC] PHP   2. getNumFailures() /home/ubuntu/workspace/DAW_A01207765/Examen_Parcial_2/ver_system_failuresSuccess.php:7
[23-Mar-2018 21:47:13 UTC] PHP Catchable fatal error:  Object of class mysqli_result could not be converted to string in /home/ubuntu/workspace/DAW_A01207765/Examen_Parcial_2/ver_system_failuresSuccess.php on line 8
[23-Mar-2018 21:47:13 UTC] PHP Stack trace:
[23-Mar-2018 21:47:13 UTC] PHP   1. {main}() /home/ubuntu/workspace/DAW_A01207765/Examen_Parcial_2/ver_system_failuresSuccess.php:0
[23-Mar-2018 22:04:20 UTC] PHP Parse error:  syntax error, unexpected '$line' (T_VARIABLE) in /home/ubuntu/workspace/DAW_A01207765/Examen_Parcial_2/util.php on line 96
[23-Mar-2018 22:04:20 UTC] PHP Stack trace:
[23-Mar-2018 22:04:20 UTC] PHP   1. {main}() /home/ubuntu/workspace/DAW_A01207765/Examen_Parcial_2/ver_system_failuresSuccess.php:0
[23-Mar-2018 22:44:23 UTC] PHP Warning:  mysqli_num_rows() expects parameter 1 to be mysqli_result, boolean given in /home/ubuntu/workspace/DAW_A01207765/Examen_Parcial_2/util.php on line 62
[23-Mar-2018 22:44:23 UTC] PHP Stack trace:
[23-Mar-2018 22:44:23 UTC] PHP   1. {main}() /home/ubuntu/workspace/DAW_A01207765/Examen_Parcial_2/ver_system_failuresSuccess.php:0
[23-Mar-2018 22:44:23 UTC] PHP   2. getSystemFailure() /home/ubuntu/workspace/DAW_A01207765/Examen_Parcial_2/ver_system_failuresSuccess.php:5
[23-Mar-2018 22:44:23 UTC] PHP   3. mysqli_num_rows() /home/ubuntu/workspace/DAW_A01207765/Examen_Parcial_2/util.php:62
[23-Mar-2018 22:44:23 UTC] PHP Warning:  mysqli_free_result() expects parameter 1 to be mysqli_result, boolean given in /home/ubuntu/workspace/DAW_A01207765/Examen_Parcial_2/util.php on line 73
[23-Mar-2018 22:44:23 UTC] PHP Stack trace:
[23-Mar-2018 22:44:23 UTC] PHP   1. {main}() /home/ubuntu/workspace/DAW_A01207765/Examen_Parcial_2/ver_system_failuresSuccess.php:0
[23-Mar-2018 22:44:23 UTC] PHP   2. getSystemFailure() /home/ubuntu/workspace/DAW_A01207765/Examen_Parcial_2/ver_system_failuresSuccess.php:5
[23-Mar-2018 22:44:23 UTC] PHP   3. mysqli_free_result() /home/ubuntu/workspace/DAW_A01207765/Examen_Parcial_2/util.php:73
